This is pdfTeX, Version 3.14159265-2.6-1.40.21 (MiKTeX 21.1) (preloaded format=pdflatex 2021.3.2)  26 OCT 2021 11:40
entering extended mode
**./boletin_covid.tex
(boletin_covid.tex
LaTeX2e <2020-10-01> patch level 4
L3 programming layer <2021-01-09> xparse <2020-03-03>
(C:\Users\PC\AppData\Local\Programs\MiKTeX\tex/latex/base\book.cls
Document Class: book 2020/04/10 v1.4m Standard LaTeX document class
(C:\Users\PC\AppData\Local\Programs\MiKTeX\tex/latex/base\bk12.clo
File: bk12.clo 2020/04/10 v1.4m Standard LaTeX file (size option)
)
\c@part=\count177
\c@chapter=\count178
\c@section=\count179
\c@subsection=\count180
\c@subsubsection=\count181
\c@paragraph=\count182
\c@subparagraph=\count183
\c@figure=\count184
\c@table=\count185
\abovecaptionskip=\skip47
\belowcaptionskip=\skip48
\bibindent=\dimen138
)
(C:\Users\PC\AppData\Local\Programs\MiKTeX\tex/generic/babel\babel.sty
Package: babel 2020/12/16 3.52 The Babel package

(C:\Users\PC\AppData\Local\Programs\MiKTeX\tex/generic/babel\babel.def
File: babel.def 2020/12/16 3.52 Babel common definitions
\babel@savecnt=\count186
\U@D=\dimen139
\l@babelnohyphens=\language79

(C:\Users\PC\AppData\Local\Programs\MiKTeX\tex/generic/babel\txtbabel.def)
\bbl@readstream=\read2
)
\bbl@dirlevel=\count187

*************************************
* Local config file bblopts.cfg used
*
(C:\Users\PC\AppData\Local\Programs\MiKTeX\tex/latex/arabi\bblopts.cfg
File: bblopts.cfg 2005/09/08 v0.1 add Arabic and Farsi to "declared" options of
 babel
)
(C:\Users\PC\AppData\Local\Programs\MiKTeX\tex/latex/babel-spanish\spanish.ldf
Language: spanish.ldf 2016/03/03 v5.0p Spanish support from the babel system
\es@quottoks=\toks15
\es@quotdepth=\count188
Package babel Info: Making " an active character on input line 561.
Package babel Info: Making . an active character on input line 662.
Package babel Info: Making < an active character on input line 707.
Package babel Info: Making > an active character on input line 707.
)) (C:\Users\PC\AppData\Local\Programs\MiKTeX\tex/latex/base\inputenc.sty
Package: inputenc 2020/08/01 v1.3d Input encoding file
\inpenc@prehook=\toks16
\inpenc@posthook=\toks17
)
(C:\Users\PC\AppData\Local\Programs\MiKTeX\tex/latex/wrapfig\wrapfig.sty
\wrapoverhang=\dimen140
\WF@size=\dimen141
\c@WF@wrappedlines=\count189
\WF@box=\box47
\WF@everypar=\toks18
Package: wrapfig 2003/01/31  v 3.6
)
(C:\Users\PC\AppData\Local\Programs\MiKTeX\tex/latex/xcolor\xcolor.sty
Package: xcolor 2016/05/11 v2.12 LaTeX color extensions (UK)

(C:\Users\PC\AppData\Local\Programs\MiKTeX\tex/latex/graphics-cfg\color.cfg
File: color.cfg 2016/01/02 v1.6 sample color configuration
)
Package xcolor Info: Driver file: pdftex.def on input line 225.

(C:\Users\PC\AppData\Local\Programs\MiKTeX\tex/latex/graphics-def\pdftex.def
File: pdftex.def 2020/10/05 v1.2a Graphics/color driver for pdftex
)
(C:\Users\PC\AppData\Local\Programs\MiKTeX\tex/latex/colortbl\colortbl.sty
Package: colortbl 2020/01/04 v1.0e Color table columns (DPC)

(C:\Users\PC\AppData\Local\Programs\MiKTeX\tex/latex/latex-tools\array.sty
Package: array 2020/10/01 v2.5c Tabular extension package (FMi)
\col@sep=\dimen142
\ar@mcellbox=\box48
\extrarowheight=\dimen143
\NC@list=\toks19
\extratabsurround=\skip49
\backup@length=\skip50
\ar@cellbox=\box49
)
\everycr=\toks20
\minrowclearance=\skip51
)
\rownum=\count190
Package xcolor Info: Model `cmy' substituted by `cmy0' on input line 1348.
Package xcolor Info: Model `hsb' substituted by `rgb' on input line 1352.
Package xcolor Info: Model `RGB' extended on input line 1364.
Package xcolor Info: Model `HTML' substituted by `rgb' on input line 1366.
Package xcolor Info: Model `Hsb' substituted by `hsb' on input line 1367.
Package xcolor Info: Model `tHsb' substituted by `hsb' on input line 1368.
Package xcolor Info: Model `HSB' substituted by `hsb' on input line 1369.
Package xcolor Info: Model `Gray' substituted by `gray' on input line 1370.
Package xcolor Info: Model `wave' substituted by `hsb' on input line 1371.
)
(C:\Users\PC\AppData\Local\Programs\MiKTeX\tex/latex/amsfonts\amssymb.sty
Package: amssymb 2013/01/14 v3.01 AMS font symbols

(C:\Users\PC\AppData\Local\Programs\MiKTeX\tex/latex/amsfonts\amsfonts.sty
Package: amsfonts 2013/01/14 v3.01 Basic AMSFonts support
\@emptytoks=\toks21
\symAMSa=\mathgroup4
\symAMSb=\mathgroup5
LaTeX Font Info:    Redeclaring math symbol \hbar on input line 98.
LaTeX Font Info:    Overwriting math alphabet `\mathfrak' in version `bold'
(Font)                  U/euf/m/n --> U/euf/b/n on input line 106.
))
(C:\Users\PC\AppData\Local\Programs\MiKTeX\tex/latex/amsmath\amsmath.sty
Package: amsmath 2020/09/23 v2.17i AMS math features
\@mathmargin=\skip52

For additional information on amsmath, use the `?' option.
(C:\Users\PC\AppData\Local\Programs\MiKTeX\tex/latex/amsmath\amstext.sty
Package: amstext 2000/06/29 v2.01 AMS text

(C:\Users\PC\AppData\Local\Programs\MiKTeX\tex/latex/amsmath\amsgen.sty
File: amsgen.sty 1999/11/30 v2.0 generic functions
\@emptytoks=\toks22
\ex@=\dimen144
))
(C:\Users\PC\AppData\Local\Programs\MiKTeX\tex/latex/amsmath\amsbsy.sty
Package: amsbsy 1999/11/29 v1.2d Bold Symbols
\pmbraise@=\dimen145
)
(C:\Users\PC\AppData\Local\Programs\MiKTeX\tex/latex/amsmath\amsopn.sty
Package: amsopn 2016/03/08 v2.02 operator names
)
\inf@bad=\count191
LaTeX Info: Redefining \frac on input line 234.
\uproot@=\count192
\leftroot@=\count193
LaTeX Info: Redefining \overline on input line 399.
\classnum@=\count194
\DOTSCASE@=\count195
LaTeX Info: Redefining \ldots on input line 496.
LaTeX Info: Redefining \dots on input line 499.
LaTeX Info: Redefining \cdots on input line 620.
\Mathstrutbox@=\box50
\strutbox@=\box51
\big@size=\dimen146
LaTeX Font Info:    Redeclaring font encoding OML on input line 743.
LaTeX Font Info:    Redeclaring font encoding OMS on input line 744.
\macc@depth=\count196
\c@MaxMatrixCols=\count197
\dotsspace@=\muskip16
\c@parentequation=\count198
\dspbrk@lvl=\count199
\tag@help=\toks23
\row@=\count266
\column@=\count267
\maxfields@=\count268
\andhelp@=\toks24
\eqnshift@=\dimen147
\alignsep@=\dimen148
\tagshift@=\dimen149
\tagwidth@=\dimen150
\totwidth@=\dimen151
\lineht@=\dimen152
\@envbody=\toks25
\multlinegap=\skip53
\multlinetaggap=\skip54
\mathdisplay@stack=\toks26
LaTeX Info: Redefining \[ on input line 2923.
LaTeX Info: Redefining \] on input line 2924.
)
(C:\Users\PC\AppData\Local\Programs\MiKTeX\tex/latex/bbm\bbm.sty
Package: bbm 1999/03/15 V 1.2 provides fonts for set symbols - TH
LaTeX Font Info:    Overwriting math alphabet `\mathbbm' in version `bold'
(Font)                  U/bbm/m/n --> U/bbm/bx/n on input line 33.
LaTeX Font Info:    Overwriting math alphabet `\mathbbmss' in version `bold'
(Font)                  U/bbmss/m/n --> U/bbmss/bx/n on input line 35.
)
(C:\Users\PC\AppData\Local\Programs\MiKTeX\tex/latex/amscls\amsthm.sty
Package: amsthm 2020/05/29 v2.20.6
\thm@style=\toks27
\thm@bodyfont=\toks28
\thm@headfont=\toks29
\thm@notefont=\toks30
\thm@headpunct=\toks31
\thm@preskip=\skip55
\thm@postskip=\skip56
\thm@headsep=\skip57
\dth@everypar=\toks32
)
(C:\Users\PC\AppData\Local\Programs\MiKTeX\tex/latex/pdfpages\pdfpages.sty
Package: pdfpages 2021/03/06 v0.5t Insert pages of external PDF documents (AM)

(C:\Users\PC\AppData\Local\Programs\MiKTeX\tex/latex/base\ifthen.sty
Package: ifthen 2014/09/29 v1.1c Standard LaTeX ifthen package (DPC)
)
(C:\Users\PC\AppData\Local\Programs\MiKTeX\tex/latex/latex-tools\calc.sty
Package: calc 2017/05/25 v4.3 Infix arithmetic (KKT,FJ)
\calc@Acount=\count269
\calc@Bcount=\count270
\calc@Adimen=\dimen153
\calc@Bdimen=\dimen154
\calc@Askip=\skip58
\calc@Bskip=\skip59
LaTeX Info: Redefining \setlength on input line 80.
LaTeX Info: Redefining \addtolength on input line 81.
\calc@Ccount=\count271
\calc@Cskip=\skip60
)
(C:\Users\PC\AppData\Local\Programs\MiKTeX\tex/latex/eso-pic\eso-pic.sty
Package: eso-pic 2020/10/14 v3.0a eso-pic (RN)
\ESO@tempdima=\dimen155
\ESO@tempdimb=\dimen156

(C:\Users\PC\AppData\Local\Programs\MiKTeX\tex/latex/graphics\keyval.sty
Package: keyval 2014/10/28 v1.15 key=value parser (DPC)
\KV@toks@=\toks33
))
(C:\Users\PC\AppData\Local\Programs\MiKTeX\tex/latex/graphics\graphicx.sty
Package: graphicx 2020/09/09 v1.2b Enhanced LaTeX Graphics (DPC,SPQR)

(C:\Users\PC\AppData\Local\Programs\MiKTeX\tex/latex/graphics\graphics.sty
Package: graphics 2020/08/30 v1.4c Standard LaTeX Graphics (DPC,SPQR)

(C:\Users\PC\AppData\Local\Programs\MiKTeX\tex/latex/graphics\trig.sty
Package: trig 2016/01/03 v1.10 sin cos tan (DPC)
)
(C:\Users\PC\AppData\Local\Programs\MiKTeX\tex/latex/graphics-cfg\graphics.cfg
File: graphics.cfg 2016/06/04 v1.11 sample graphics configuration
)
Package graphics Info: Driver file: pdftex.def on input line 105.
)
\Gin@req@height=\dimen157
\Gin@req@width=\dimen158
)
\AM@pagewidth=\dimen159
\AM@pageheight=\dimen160
\AM@fboxrule=\dimen161
 (C:\Users\PC\AppData\Local\Programs\MiKTeX\tex/latex/pdfpages\pppdftex.def
File: pppdftex.def 2021/03/06 v0.5t Pdfpages driver for pdfTeX (AM)
)
\pdfpages@includegraphics@status=\count272
\AM@pagebox=\box52
\AM@global@opts=\toks34
\AM@pagecnt=\count273
\AM@toc@title=\toks35
\c@AM@survey=\count274
\AM@templatesizebox=\box53
) (C:\Users\PC\AppData\Local\Programs\MiKTeX\tex/latex/psfrag\psfrag.sty
Package: psfrag 1998/04/11 v3.04 PSfrag (MCG)
\pfg@pcount=\count275
\pfg@scount=\count276
\pfg@temp=\write3
)
(C:\Users\PC\AppData\Local\Programs\MiKTeX\tex/latex/epstopdf-pkg\epstopdf.sty
Package: epstopdf 2020-01-24 v2.11 Conversion with epstopdf on the fly (HO)

(C:\Users\PC\AppData\Local\Programs\MiKTeX\tex/generic/infwarerr\infwarerr.sty
Package: infwarerr 2019/12/03 v1.5 Providing info/warning/error messages (HO)
) (C:\Users\PC\AppData\Local\Programs\MiKTeX\tex/latex/grfext\grfext.sty
Package: grfext 2019/12/03 v1.3 Manage graphics extensions (HO)

(C:\Users\PC\AppData\Local\Programs\MiKTeX\tex/generic/kvdefinekeys\kvdefinekey
s.sty
Package: kvdefinekeys 2019-12-19 v1.6 Define keys (HO)
))
(C:\Users\PC\AppData\Local\Programs\MiKTeX\tex/latex/kvoptions\kvoptions.sty
Package: kvoptions 2020-10-07 v3.14 Key value format for package options (HO)

(C:\Users\PC\AppData\Local\Programs\MiKTeX\tex/generic/ltxcmds\ltxcmds.sty
Package: ltxcmds 2020-05-10 v1.25 LaTeX kernel commands for general use (HO)
)
(C:\Users\PC\AppData\Local\Programs\MiKTeX\tex/generic/kvsetkeys\kvsetkeys.sty
Package: kvsetkeys 2019/12/15 v1.18 Key value parser (HO)
))
(C:\Users\PC\AppData\Local\Programs\MiKTeX\tex/generic/pdftexcmds\pdftexcmds.st
y
Package: pdftexcmds 2020-06-27 v0.33 Utility functions of pdfTeX for LuaTeX (HO
)
 (C:\Users\PC\AppData\Local\Programs\MiKTeX\tex/generic/iftex\iftex.sty
Package: iftex 2020/03/06 v1.0d TeX engine tests
)
Package pdftexcmds Info: \pdf@primitive is available.
Package pdftexcmds Info: \pdf@ifprimitive is available.
Package pdftexcmds Info: \pdfdraftmode found.
)
(C:\Users\PC\AppData\Local\Programs\MiKTeX\tex/latex/epstopdf-pkg\epstopdf-base
.sty
Package: epstopdf-base 2020-01-24 v2.11 Base part for package epstopdf
Package epstopdf-base Info: Redefining graphics rule for `.eps' on input line 4
85.
Package grfext Info: Graphics extension search list:
(grfext)             [.pdf,.png,.jpg,.mps,.jpeg,.jbig2,.jb2,.PDF,.PNG,.JPG,.JPE
G,.JBIG2,.JB2,.eps]
(grfext)             \AppendGraphicsExtensions on input line 504.
))
(C:\Users\PC\AppData\Local\Programs\MiKTeX\tex/latex/pdflscape\pdflscape.sty
Package: pdflscape 2019/12/05 v0.12 Display of landscape pages in PDF (HO)

(C:\Users\PC\AppData\Local\Programs\MiKTeX\tex/latex/graphics\lscape.sty
Package: lscape 2020/05/28 v3.02 Landscape Pages (DPC)
)
Package pdflscape Info: Auto-detected driver: pdftex on input line 81.
)
(C:\Users\PC\AppData\Local\Programs\MiKTeX\tex/latex/latex-tools\tabularx.sty
Package: tabularx 2020/01/15 v2.11c `tabularx' package (DPC)
\TX@col@width=\dimen162
\TX@old@table=\dimen163
\TX@old@col=\dimen164
\TX@target=\dimen165
\TX@delta=\dimen166
\TX@cols=\count277
\TX@ftn=\toks36
)
(C:\Users\PC\AppData\Local\Programs\MiKTeX\tex/latex/latex-tools\longtable.sty
Package: longtable 2020/01/07 v4.13 Multi-page Table package (DPC)
\LTleft=\skip61
\LTright=\skip62
\LTpre=\skip63
\LTpost=\skip64
\LTchunksize=\count278
\LTcapwidth=\dimen167
\LT@head=\box54
\LT@firsthead=\box55
\LT@foot=\box56
\LT@lastfoot=\box57
\LT@cols=\count279
\LT@rows=\count280
\c@LT@tables=\count281
\c@LT@chunks=\count282
\LT@p@ftn=\toks37
) (C:\Users\PC\AppData\Local\Programs\MiKTeX\tex/latex/breakurl\breakurl.sty
Package: breakurl 2013/04/10 v1.40 Breakable hyperref URLs

(C:\Users\PC\AppData\Local\Programs\MiKTeX\tex/latex/xkeyval\xkeyval.sty
Package: xkeyval 2020/11/20 v2.8 package option processing (HA)

(C:\Users\PC\AppData\Local\Programs\MiKTeX\tex/generic/xkeyval\xkeyval.tex
(C:\Users\PC\AppData\Local\Programs\MiKTeX\tex/generic/xkeyval\xkvutils.tex
\XKV@toks=\toks38
\XKV@tempa@toks=\toks39
)
\XKV@depth=\count283
File: xkeyval.tex 2014/12/03 v2.7a key=value parser (HA)
))
(C:\Users\PC\AppData\Local\Programs\MiKTeX\tex/generic/iftex\ifpdf.sty
Package: ifpdf 2019/10/25 v3.4 ifpdf legacy package. Use iftex instead.
)

Package breakurl Warning: You are using breakurl while processing via pdflatex.

(breakurl)                \burl will be just a synonym of \url.
(breakurl)                 on input line 48.

) (C:\Users\PC\AppData\Local\Programs\MiKTeX\tex/latex/enumitem\enumitem.sty
Package: enumitem 2019/06/20 v3.9 Customized lists
\labelindent=\skip65
\enit@outerparindent=\dimen168
\enit@toks=\toks40
\enit@inbox=\box58
\enit@count@id=\count284
\enitdp@description=\count285
)
(C:\Users\PC\AppData\Local\Programs\MiKTeX\tex/latex/ulem\ulem.sty
\UL@box=\box59
\UL@hyphenbox=\box60
\UL@skip=\skip66
\UL@hook=\toks41
\UL@height=\dimen169
\UL@pe=\count286
\UL@pixel=\dimen170
\ULC@box=\box61
Package: ulem 2019/11/18
\ULdepth=\dimen171
)
(C:\Users\PC\AppData\Local\Programs\MiKTeX\tex/latex/blindtext\blindtext.sty
Package: blindtext 2012/01/06 V2.0 blindtext-Package

(C:\Users\PC\AppData\Local\Programs\MiKTeX\tex/latex/latex-tools\xspace.sty
Package: xspace 2014/10/28 v1.13 Space after command names (DPC,MH)
)
\c@blindtext=\count287
\c@Blindtext=\count288
\c@blind@countparstart=\count289
\blind@countxx=\count290
\blindtext@numBlindtext=\count291
\blind@countyy=\count292
\c@blindlist=\count293
\c@blindlistlevel=\count294
\c@blindlist@level=\count295
\blind@listitem=\count296
\c@blind@listcount=\count297
\c@blind@levelcount=\count298
\blind@mathformula=\count299
\blind@Mathformula=\count300
\c@blind@randomcount=\count301
\c@blind@randommax=\count302
\c@blind@pangramcount=\count303
\c@blind@pangrammax=\count304
)
(C:\Users\PC\AppData\Local\Programs\MiKTeX\tex/latex/mathtools\mathtools.sty
Package: mathtools 2021/04/12 v1.27 mathematical typesetting tools

(C:\Users\PC\AppData\Local\Programs\MiKTeX\tex/latex/mathtools\mhsetup.sty
Package: mhsetup 2021/03/18 v1.4 programming setup (MH)
)
LaTeX Info: Thecontrolsequence`\('isalreadyrobust on input line 130.
LaTeX Info: Thecontrolsequence`\)'isalreadyrobust on input line 130.
LaTeX Info: Thecontrolsequence`\['isalreadyrobust on input line 130.
LaTeX Info: Thecontrolsequence`\]'isalreadyrobust on input line 130.
\g_MT_multlinerow_int=\count305
\l_MT_multwidth_dim=\dimen172
\origjot=\skip67
\l_MT_shortvdotswithinadjustabove_dim=\dimen173
\l_MT_shortvdotswithinadjustbelow_dim=\dimen174
\l_MT_above_intertext_sep=\dimen175
\l_MT_below_intertext_sep=\dimen176
\l_MT_above_shortintertext_sep=\dimen177
\l_MT_below_shortintertext_sep=\dimen178
\xmathstrut@box=\box62
\xmathstrut@dim=\dimen179
)
(C:\Users\PC\AppData\Local\Programs\MiKTeX\tex/latex/breqn\breqn.sty
(C:\Users\PC\AppData\Local\Programs\MiKTeX\tex/latex/l3kernel\expl3.sty
Package: expl3 2021-01-09 L3 programming layer (loader) 

(C:\Users\PC\AppData\Local\Programs\MiKTeX\tex/latex/l3backend\l3backend-pdftex
.def
File: l3backend-pdftex.def 2021-01-09 L3 backend support: PDF output (pdfTeX)
\l__kernel_color_stack_int=\count306
\l__pdf_internal_box=\box63
))
Package: breqn 2020/09/24 v0.98k Breaking equations
 (C:\Users\PC\AppData\Local\Programs\MiKTeX\tex/latex/breqn\flexisym.sty
Package: flexisym 2020/09/24 v0.98k Make math characters macros
LaTeX Info: Redefining \textprime on input line 299.
LaTeX Info: Redefining \not on input line 357.

(C:\Users\PC\AppData\Local\Programs\MiKTeX\tex/latex/breqn\cmbase.sym
File: cmbase.sym 2007/12/19 v0.92
LaTeX Info: Redefining \hbar on input line 324.
LaTeX Info: Redefining \surd on input line 326.
LaTeX Info: Redefining \angle on input line 334.
LaTeX Info: Redefining \neq on input line 335.
LaTeX Info: Redefining \mapsto on input line 336.
LaTeX Info: Redefining \cong on input line 337.
LaTeX Info: Redefining \notin on input line 340.
LaTeX Info: Redefining \rightleftharpoons on input line 341.
LaTeX Info: Redefining \doteq on input line 342.
LaTeX Info: Redefining \hookrightarrow on input line 343.
LaTeX Info: Redefining \hookleftarrow on input line 344.
LaTeX Info: Redefining \bowtie on input line 345.
LaTeX Info: Redefining \models on input line 346.
LaTeX Info: Redefining \Longrightarrow on input line 347.
LaTeX Info: Redefining \longrightarrow on input line 348.
LaTeX Info: Redefining \Longleftarrow on input line 349.
LaTeX Info: Redefining \longleftarrow on input line 350.
LaTeX Info: Redefining \longmapsto on input line 351.
LaTeX Info: Redefining \longleftrightarrow on input line 352.
LaTeX Info: Redefining \Longleftrightarrow on input line 353.
LaTeX Info: Redefining \cdots on input line 357.
LaTeX Info: Redefining \vdots on input line 360.
LaTeX Info: Redefining \ddots on input line 365.
)
(C:\Users\PC\AppData\Local\Programs\MiKTeX\tex/latex/breqn\mathstyle.sty
Package: mathstyle 2020/09/24 v0.98k Tracking mathstyle implicitly
LaTeX Info: Redefining \displaystyle on input line 95.
LaTeX Info: Redefining \textstyle on input line 97.
LaTeX Info: Redefining \scriptstyle on input line 99.
LaTeX Info: Redefining \scriptscriptstyle on input line 101.
LaTeX Info: Redefining \genfrac on input line 149.
))
\inf@bad=\count307
\maxint=\count308
\listwidth=\dimen180
\eqnumsep=\dimen181
\eqmargin=\dimen182
\eqlinespacing=\skip68
\eqlineskip=\skip69
\eqlineskiplimit=\dimen183
\eqbinoffset=\muskip17
\eqdelimoffset=\muskip18
\eqindentstep=\dimen184
\eqstyle=\toks42
\eqbreakdepth=\count309
\eqinterlinepenalty=\count310
\intereqpenalty=\count311
\intereqskip=\skip70
\prerelpenalty=\count312
\prebinoppenalty=\count313
\Dmedmuskip=\muskip19
\Dthickmuskip=\muskip20
\eqleftskip=\skip71
\eqrightskip=\skip72
\eq@vspan=\skip73
\eq@binoffset=\muskip21
\EQ@box=\box64
\EQ@copy=\box65
\EQ@numbox=\box66
\eq@wdNum=\dimen185
\GRP@numbox=\box67
\grp@wdNum=\dimen186
\eq@lines=\count314
\eq@curline=\count315
\eq@badness=\count316
\EQ@vims=\count317
\eq@dp=\dimen187
\eq@wdL=\dimen188
\eq@wdT=\dimen189
\eq@wdMin=\dimen190
\grp@wdL=\dimen191
\grp@wdR=\dimen192
\grp@wdT=\dimen193
\eq@wdRmax=\dimen194
\eq@firstht=\dimen195
\eq@wdCond=\dimen196
\eq@indentstep=\dimen197
\eq@linewidth=\dimen198
\grp@linewidth=\dimen199
\eq@hshift=\dimen256
\eq@given@sidespace=\dimen257
\mathindent=\dimen258
\eq@final@linecount=\count318
\eq@wdR=\dimen259
\EQ@continue=\toks43
\lr@level=\count319
\GRP@queue=\toks44
\GRP@box=\box68
\GRP@wholebox=\box69
\darraycolsep=\skip74
\cur@row=\count320
\cur@col=\count321
\conditionsep=\skip75
)
(C:\Users\PC\AppData\Local\Programs\MiKTeX\tex/latex/fnpct\fnpct.sty
(C:\Users\PC\AppData\Local\Programs\MiKTeX\tex/latex/l3packages/l3keys2e\l3keys
2e.sty
Package: l3keys2e 2020-10-27 LaTeX2e option processing using LaTeX3 keys
)
Package: fnpct 2021/01/21 v1.0 footnote kerning
\l__fnpct_collection_int=\count322
\l__fnpct_before_footnote_dim=\dimen260
\l__fnpct_before_dot_dim=\dimen261
\l__fnpct_after_dot_dim=\dimen262
\l__fnpct_before_comma_dim=\dimen263
\l__fnpct_after_comma_dim=\dimen264
\l__fnpct_before_collect_dim=\dimen265
\l__fnpct_after_collect_dim=\dimen266

LaTeX3 Info: Defining command \AddPunctuation with sig. 'O{0pt}mO{0pt}m' on
(LaTeX3)     line 667.


LaTeX3 Info: Defining command \AdaptNote with sig. 'mmom' on line 849.


LaTeX3 Info: Defining command \AdaptNoteName with sig. 'mmom' on line 856.


LaTeX3 Info: Defining command \AdaptText with sig. 'mmm' on line 862.


LaTeX3 Info: Defining command \innernote with sig. '+m' on line 865.


LaTeX3 Info: Defining command \ifcurrentnoteTF with sig. 'm' on line 868.


LaTeX3 Info: Defining command \ifcurrentnoteT with sig. 'm' on line 871.


LaTeX3 Info: Defining command \ifcurrentnoteF with sig. 'm' on line 874.


LaTeX3 Info: Defining command \setfnpct with sig. 'm' on line 879.


LaTeX3 Info: Defining command \MultVariant with sig. 'm' on line 977.


LaTeX3 Info: Defining command \MultVariantName with sig. 'm' on line 980.


(C:\Users\PC\AppData\Local\Programs\MiKTeX\tex/latex/translations\translations.
sty
Package: translations 2021/01/17 v1.10a internationalization of LaTeX2e package
s (CN)
 (C:\Users\PC\AppData\Local\Programs\MiKTeX\tex/latex/etoolbox\etoolbox.sty
Package: etoolbox 2020/10/05 v2.5k e-TeX tools for LaTeX (JAW)
\etb@tempcnta=\count323
))) (C:\Users\PC\AppData\Local\Programs\MiKTeX\tex/latex/caption\subcaption.sty
Package: subcaption 2020/10/07 v1.3j Sub-captions (AR)

(C:\Users\PC\AppData\Local\Programs\MiKTeX\tex/latex/caption\caption.sty
Package: caption 2020/10/26 v3.5g Customizing captions (AR)

(C:\Users\PC\AppData\Local\Programs\MiKTeX\tex/latex/caption\caption3.sty
Package: caption3 2020/10/21 v2.2e caption3 kernel (AR)
\captionmargin=\dimen267
\captionmargin@=\dimen268
\captionwidth=\dimen269
\caption@tempdima=\dimen270
\caption@indent=\dimen271
\caption@parindent=\dimen272
\caption@hangindent=\dimen273
Package caption Info: Standard document class detected.
)
\c@caption@flags=\count324
\c@continuedfloat=\count325
Package caption Info: longtable package is loaded.

(C:\Users\PC\AppData\Local\Programs\MiKTeX\tex/latex/caption\ltcaption.sty
Package: ltcaption 2020/05/30 v1.4b longtable captions (AR)
)
Package caption Info: wrapfig package is loaded.
)
\c@subfigure=\count326
\c@subtable=\count327
)
(C:\Users\PC\AppData\Local\Programs\MiKTeX\tex/latex/newpx\newpxtext.sty
Package: newpxtext 2017/08/18 v1.321

`newpxtext' v1.321, 2017/08/18 Text macros taking advantage of TeXGyre Pagella 
and its extensions (msharpe)
(C:\Users\PC\AppData\Local\Programs\MiKTeX\tex/latex/fontaxes\fontaxes.sty
Package: fontaxes 2020/07/21 v1.0e Font selection axes
LaTeX Info: Redefining \upshape on input line 29.
LaTeX Info: Redefining \itshape on input line 31.
LaTeX Info: Redefining \slshape on input line 33.
LaTeX Info: Redefining \swshape on input line 35.
LaTeX Info: Redefining \scshape on input line 37.
LaTeX Info: Redefining \sscshape on input line 39.
LaTeX Info: Redefining \ulcshape on input line 41.
LaTeX Info: Redefining \textsw on input line 47.
LaTeX Info: Redefining \textssc on input line 48.
LaTeX Info: Redefining \textulc on input line 49.
)
(C:\Users\PC\AppData\Local\Programs\MiKTeX\tex/latex/base\fontenc.sty
Package: fontenc 2020/08/10 v2.0s Standard LaTeX package
LaTeX Font Info:    Trying to load font information for T1+zpltlf on input line
 112.

(C:\Users\PC\AppData\Local\Programs\MiKTeX\tex/latex/newpx\t1zpltlf.fd
File: t1zpltlf.fd 2015/01/17 v1.0 font definition file for T1/zpl/tlf
)
LaTeX Font Info:    Font shape `T1/zpltlf/m/n' will be
(Font)              scaled to size 12.0pt on input line 112.
)
(C:\Users\PC\AppData\Local\Programs\MiKTeX\tex/latex/base\textcomp.sty
Package: textcomp 2020/02/02 v2.0n Standard LaTeX package
))
(C:\Users\PC\AppData\Local\Programs\MiKTeX\tex/latex/base\fontenc.sty
Package: fontenc 2020/08/10 v2.0s Standard LaTeX package
)
(C:\Users\PC\AppData\Local\Programs\MiKTeX\tex/latex/verdana\verdana.sty
Package: verdana 
)
(C:\Users\PC\AppData\Local\Programs\MiKTeX\tex/latex/setspace\setspace.sty
Package: setspace 2011/12/19 v6.7a set line spacing
)
(C:\Users\PC\AppData\Local\Programs\MiKTeX\tex/latex/threeparttable\threepartta
ble.sty
Package: threeparttable 2003/06/13  v 3.0
\@tempboxb=\box70
)
(C:\Users\PC\AppData\Local\Programs\MiKTeX\tex/latex/tabulary\tabulary.sty
Package: tabulary 2014/06/11 v0.10 tabulary package (DPC)
\TY@count=\count328
\TY@linewidth=\dimen274
\tymin=\dimen275
\tymax=\dimen276
\TY@tablewidth=\dimen277
)
(C:\Users\PC\AppData\Local\Programs\MiKTeX\tex/latex/booktabs\booktabs.sty
Package: booktabs 2020/01/12 v1.61803398 Publication quality tables
\heavyrulewidth=\dimen278
\lightrulewidth=\dimen279
\cmidrulewidth=\dimen280
\belowrulesep=\dimen281
\belowbottomsep=\dimen282
\aboverulesep=\dimen283
\abovetopsep=\dimen284
\cmidrulesep=\dimen285
\cmidrulekern=\dimen286
\defaultaddspace=\dimen287
\@cmidla=\count329
\@cmidlb=\count330
\@aboverulesep=\dimen288
\@belowrulesep=\dimen289
\@thisruleclass=\count331
\@lastruleclass=\count332
\@thisrulewidth=\dimen290
)
(C:\Users\PC\AppData\Local\Programs\MiKTeX\tex/latex/float\float.sty
Package: float 2001/11/08 v1.3d Float enhancements (AL)
\c@float@type=\count333
\float@exts=\toks45
\float@box=\box71
\@float@everytoks=\toks46
\@floatcapt=\box72
)
(C:\Users\PC\AppData\Local\Programs\MiKTeX\tex/latex/graphics\rotating.sty
Package: rotating 2016/08/11 v2.16d rotated objects in LaTeX
\c@r@tfl@t=\count334
\rotFPtop=\skip76
\rotFPbot=\skip77
\rot@float@box=\box73
\rot@mess@toks=\toks47
)
(C:\Users\PC\AppData\Local\Programs\MiKTeX\tex/latex/appendix\appendix.sty
Package: appendix 2020/02/08 v1.2c extra appendix facilities
\c@@pps=\count335
\c@@ppsavesec=\count336
\c@@ppsaveapp=\count337
)
(C:\Users\PC\AppData\Local\Programs\MiKTeX\tex/latex/multirow\multirow.sty
Package: multirow 2021/01/29 v2.7 Span multiple rows of a table
\multirow@colwidth=\skip78
\multirow@cntb=\count338
\multirow@dima=\skip79
\bigstrutjot=\dimen291
)
(C:\Users\PC\AppData\Local\Programs\MiKTeX\tex/latex/natbib\natbib.sty
Package: natbib 2010/09/13 8.31b (PWD, AO)
\bibhang=\skip80
\bibsep=\skip81
LaTeX Info: Redefining \cite on input line 694.
\c@NAT@ctr=\count339
)
\c@theorem=\count340
\c@proposition=\count341
\c@assumption=\count342
\c@assumption2=\count343
\c@lemma=\count344

(C:\Users\PC\AppData\Local\Programs\MiKTeX\tex/latex/pgf/frontendlayer\tikz.sty
(C:\Users\PC\AppData\Local\Programs\MiKTeX\tex/latex/pgf/basiclayer\pgf.sty
(C:\Users\PC\AppData\Local\Programs\MiKTeX\tex/latex/pgf/utilities\pgfrcs.sty
(C:\Users\PC\AppData\Local\Programs\MiKTeX\tex/generic/pgf/utilities\pgfutil-co
mmon.tex
\pgfutil@everybye=\toks48
\pgfutil@tempdima=\dimen292
\pgfutil@tempdimb=\dimen293

(C:\Users\PC\AppData\Local\Programs\MiKTeX\tex/generic/pgf/utilities\pgfutil-co
mmon-lists.tex))
(C:\Users\PC\AppData\Local\Programs\MiKTeX\tex/generic/pgf/utilities\pgfutil-la
tex.def
\pgfutil@abb=\box74
)
(C:\Users\PC\AppData\Local\Programs\MiKTeX\tex/generic/pgf/utilities\pgfrcs.cod
e.tex
(C:\Users\PC\AppData\Local\Programs\MiKTeX\tex/generic/pgf\pgf.revision.tex)
Package: pgfrcs 2020/12/27 v3.1.8b (3.1.8b)
))
Package: pgf 2020/12/27 v3.1.8b (3.1.8b)

(C:\Users\PC\AppData\Local\Programs\MiKTeX\tex/latex/pgf/basiclayer\pgfcore.sty

(C:\Users\PC\AppData\Local\Programs\MiKTeX\tex/latex/pgf/systemlayer\pgfsys.sty

(C:\Users\PC\AppData\Local\Programs\MiKTeX\tex/generic/pgf/systemlayer\pgfsys.c
ode.tex
Package: pgfsys 2020/12/27 v3.1.8b (3.1.8b)

(C:\Users\PC\AppData\Local\Programs\MiKTeX\tex/generic/pgf/utilities\pgfkeys.co
de.tex
\pgfkeys@pathtoks=\toks49
\pgfkeys@temptoks=\toks50

(C:\Users\PC\AppData\Local\Programs\MiKTeX\tex/generic/pgf/utilities\pgfkeysfil
tered.code.tex
\pgfkeys@tmptoks=\toks51
))
\pgf@x=\dimen294
\pgf@y=\dimen295
\pgf@xa=\dimen296
\pgf@ya=\dimen297
\pgf@xb=\dimen298
\pgf@yb=\dimen299
\pgf@xc=\dimen300
\pgf@yc=\dimen301
\pgf@xd=\dimen302
\pgf@yd=\dimen303
\w@pgf@writea=\write4
\r@pgf@reada=\read3
\c@pgf@counta=\count345
\c@pgf@countb=\count346
\c@pgf@countc=\count347
\c@pgf@countd=\count348
\t@pgf@toka=\toks52
\t@pgf@tokb=\toks53
\t@pgf@tokc=\toks54
\pgf@sys@id@count=\count349

(C:\Users\PC\AppData\Local\Programs\MiKTeX\tex/generic/pgf/systemlayer\pgf.cfg
File: pgf.cfg 2020/12/27 v3.1.8b (3.1.8b)
)
Driver file for pgf: pgfsys-pdftex.def

(C:\Users\PC\AppData\Local\Programs\MiKTeX\tex/generic/pgf/systemlayer\pgfsys-p
dftex.def
File: pgfsys-pdftex.def 2020/12/27 v3.1.8b (3.1.8b)

(C:\Users\PC\AppData\Local\Programs\MiKTeX\tex/generic/pgf/systemlayer\pgfsys-c
ommon-pdf.def
File: pgfsys-common-pdf.def 2020/12/27 v3.1.8b (3.1.8b)
)))
(C:\Users\PC\AppData\Local\Programs\MiKTeX\tex/generic/pgf/systemlayer\pgfsysso
ftpath.code.tex
File: pgfsyssoftpath.code.tex 2020/12/27 v3.1.8b (3.1.8b)
\pgfsyssoftpath@smallbuffer@items=\count350
\pgfsyssoftpath@bigbuffer@items=\count351
)
(C:\Users\PC\AppData\Local\Programs\MiKTeX\tex/generic/pgf/systemlayer\pgfsyspr
otocol.code.tex
File: pgfsysprotocol.code.tex 2020/12/27 v3.1.8b (3.1.8b)
))
(C:\Users\PC\AppData\Local\Programs\MiKTeX\tex/generic/pgf/basiclayer\pgfcore.c
ode.tex
Package: pgfcore 2020/12/27 v3.1.8b (3.1.8b)

(C:\Users\PC\AppData\Local\Programs\MiKTeX\tex/generic/pgf/math\pgfmath.code.te
x
(C:\Users\PC\AppData\Local\Programs\MiKTeX\tex/generic/pgf/math\pgfmathcalc.cod
e.tex
(C:\Users\PC\AppData\Local\Programs\MiKTeX\tex/generic/pgf/math\pgfmathutil.cod
e.tex)
(C:\Users\PC\AppData\Local\Programs\MiKTeX\tex/generic/pgf/math\pgfmathparser.c
ode.tex
\pgfmath@dimen=\dimen304
\pgfmath@count=\count352
\pgfmath@box=\box75
\pgfmath@toks=\toks55
\pgfmath@stack@operand=\toks56
\pgfmath@stack@operation=\toks57
)
(C:\Users\PC\AppData\Local\Programs\MiKTeX\tex/generic/pgf/math\pgfmathfunction
s.code.tex
(C:\Users\PC\AppData\Local\Programs\MiKTeX\tex/generic/pgf/math\pgfmathfunction
s.basic.code.tex)
(C:\Users\PC\AppData\Local\Programs\MiKTeX\tex/generic/pgf/math\pgfmathfunction
s.trigonometric.code.tex)
(C:\Users\PC\AppData\Local\Programs\MiKTeX\tex/generic/pgf/math\pgfmathfunction
s.random.code.tex)
(C:\Users\PC\AppData\Local\Programs\MiKTeX\tex/generic/pgf/math\pgfmathfunction
s.comparison.code.tex)
(C:\Users\PC\AppData\Local\Programs\MiKTeX\tex/generic/pgf/math\pgfmathfunction
s.base.code.tex)
(C:\Users\PC\AppData\Local\Programs\MiKTeX\tex/generic/pgf/math\pgfmathfunction
s.round.code.tex)
(C:\Users\PC\AppData\Local\Programs\MiKTeX\tex/generic/pgf/math\pgfmathfunction
s.misc.code.tex)
(C:\Users\PC\AppData\Local\Programs\MiKTeX\tex/generic/pgf/math\pgfmathfunction
s.integerarithmetics.code.tex)))
(C:\Users\PC\AppData\Local\Programs\MiKTeX\tex/generic/pgf/math\pgfmathfloat.co
de.tex
\c@pgfmathroundto@lastzeros=\count353
))
(C:\Users\PC\AppData\Local\Programs\MiKTeX\tex/generic/pgf/math\pgfint.code.tex
)
(C:\Users\PC\AppData\Local\Programs\MiKTeX\tex/generic/pgf/basiclayer\pgfcorepo
ints.code.tex
File: pgfcorepoints.code.tex 2020/12/27 v3.1.8b (3.1.8b)
\pgf@picminx=\dimen305
\pgf@picmaxx=\dimen306
\pgf@picminy=\dimen307
\pgf@picmaxy=\dimen308
\pgf@pathminx=\dimen309
\pgf@pathmaxx=\dimen310
\pgf@pathminy=\dimen311
\pgf@pathmaxy=\dimen312
\pgf@xx=\dimen313
\pgf@xy=\dimen314
\pgf@yx=\dimen315
\pgf@yy=\dimen316
\pgf@zx=\dimen317
\pgf@zy=\dimen318
)
(C:\Users\PC\AppData\Local\Programs\MiKTeX\tex/generic/pgf/basiclayer\pgfcorepa
thconstruct.code.tex
File: pgfcorepathconstruct.code.tex 2020/12/27 v3.1.8b (3.1.8b)
\pgf@path@lastx=\dimen319
\pgf@path@lasty=\dimen320
)
(C:\Users\PC\AppData\Local\Programs\MiKTeX\tex/generic/pgf/basiclayer\pgfcorepa
thusage.code.tex
File: pgfcorepathusage.code.tex 2020/12/27 v3.1.8b (3.1.8b)
\pgf@shorten@end@additional=\dimen321
\pgf@shorten@start@additional=\dimen322
)
(C:\Users\PC\AppData\Local\Programs\MiKTeX\tex/generic/pgf/basiclayer\pgfcoresc
opes.code.tex
File: pgfcorescopes.code.tex 2020/12/27 v3.1.8b (3.1.8b)
\pgfpic=\box76
\pgf@hbox=\box77
\pgf@layerbox@main=\box78
\pgf@picture@serial@count=\count354
)
(C:\Users\PC\AppData\Local\Programs\MiKTeX\tex/generic/pgf/basiclayer\pgfcoregr
aphicstate.code.tex
File: pgfcoregraphicstate.code.tex 2020/12/27 v3.1.8b (3.1.8b)
\pgflinewidth=\dimen323
)
(C:\Users\PC\AppData\Local\Programs\MiKTeX\tex/generic/pgf/basiclayer\pgfcoretr
ansformations.code.tex
File: pgfcoretransformations.code.tex 2020/12/27 v3.1.8b (3.1.8b)
\pgf@pt@x=\dimen324
\pgf@pt@y=\dimen325
\pgf@pt@temp=\dimen326
)
(C:\Users\PC\AppData\Local\Programs\MiKTeX\tex/generic/pgf/basiclayer\pgfcorequ
ick.code.tex
File: pgfcorequick.code.tex 2020/12/27 v3.1.8b (3.1.8b)
)
(C:\Users\PC\AppData\Local\Programs\MiKTeX\tex/generic/pgf/basiclayer\pgfcoreob
jects.code.tex
File: pgfcoreobjects.code.tex 2020/12/27 v3.1.8b (3.1.8b)
)
(C:\Users\PC\AppData\Local\Programs\MiKTeX\tex/generic/pgf/basiclayer\pgfcorepa
thprocessing.code.tex
File: pgfcorepathprocessing.code.tex 2020/12/27 v3.1.8b (3.1.8b)
)
(C:\Users\PC\AppData\Local\Programs\MiKTeX\tex/generic/pgf/basiclayer\pgfcorear
rows.code.tex
File: pgfcorearrows.code.tex 2020/12/27 v3.1.8b (3.1.8b)
\pgfarrowsep=\dimen327
)
(C:\Users\PC\AppData\Local\Programs\MiKTeX\tex/generic/pgf/basiclayer\pgfcoresh
ade.code.tex
File: pgfcoreshade.code.tex 2020/12/27 v3.1.8b (3.1.8b)
\pgf@max=\dimen328
\pgf@sys@shading@range@num=\count355
\pgf@shadingcount=\count356
)
(C:\Users\PC\AppData\Local\Programs\MiKTeX\tex/generic/pgf/basiclayer\pgfcoreim
age.code.tex
File: pgfcoreimage.code.tex 2020/12/27 v3.1.8b (3.1.8b)

(C:\Users\PC\AppData\Local\Programs\MiKTeX\tex/generic/pgf/basiclayer\pgfcoreex
ternal.code.tex
File: pgfcoreexternal.code.tex 2020/12/27 v3.1.8b (3.1.8b)
\pgfexternal@startupbox=\box79
))
(C:\Users\PC\AppData\Local\Programs\MiKTeX\tex/generic/pgf/basiclayer\pgfcorela
yers.code.tex
File: pgfcorelayers.code.tex 2020/12/27 v3.1.8b (3.1.8b)
)
(C:\Users\PC\AppData\Local\Programs\MiKTeX\tex/generic/pgf/basiclayer\pgfcoretr
ansparency.code.tex
File: pgfcoretransparency.code.tex 2020/12/27 v3.1.8b (3.1.8b)
)
(C:\Users\PC\AppData\Local\Programs\MiKTeX\tex/generic/pgf/basiclayer\pgfcorepa
tterns.code.tex
File: pgfcorepatterns.code.tex 2020/12/27 v3.1.8b (3.1.8b)
)
(C:\Users\PC\AppData\Local\Programs\MiKTeX\tex/generic/pgf/basiclayer\pgfcorerd
f.code.tex
File: pgfcorerdf.code.tex 2020/12/27 v3.1.8b (3.1.8b)
)))
(C:\Users\PC\AppData\Local\Programs\MiKTeX\tex/generic/pgf/modules\pgfmodulesha
pes.code.tex
File: pgfmoduleshapes.code.tex 2020/12/27 v3.1.8b (3.1.8b)
\pgfnodeparttextbox=\box80
)
(C:\Users\PC\AppData\Local\Programs\MiKTeX\tex/generic/pgf/modules\pgfmoduleplo
t.code.tex
File: pgfmoduleplot.code.tex 2020/12/27 v3.1.8b (3.1.8b)
)
(C:\Users\PC\AppData\Local\Programs\MiKTeX\tex/latex/pgf/compatibility\pgfcomp-
version-0-65.sty
Package: pgfcomp-version-0-65 2020/12/27 v3.1.8b (3.1.8b)
\pgf@nodesepstart=\dimen329
\pgf@nodesepend=\dimen330
)
(C:\Users\PC\AppData\Local\Programs\MiKTeX\tex/latex/pgf/compatibility\pgfcomp-
version-1-18.sty
Package: pgfcomp-version-1-18 2020/12/27 v3.1.8b (3.1.8b)
))
(C:\Users\PC\AppData\Local\Programs\MiKTeX\tex/latex/pgf/utilities\pgffor.sty
(C:\Users\PC\AppData\Local\Programs\MiKTeX\tex/latex/pgf/utilities\pgfkeys.sty
(C:\Users\PC\AppData\Local\Programs\MiKTeX\tex/generic/pgf/utilities\pgfkeys.co
de.tex))
(C:\Users\PC\AppData\Local\Programs\MiKTeX\tex/latex/pgf/math\pgfmath.sty
(C:\Users\PC\AppData\Local\Programs\MiKTeX\tex/generic/pgf/math\pgfmath.code.te
x))
(C:\Users\PC\AppData\Local\Programs\MiKTeX\tex/generic/pgf/utilities\pgffor.cod
e.tex
Package: pgffor 2020/12/27 v3.1.8b (3.1.8b)

(C:\Users\PC\AppData\Local\Programs\MiKTeX\tex/generic/pgf/math\pgfmath.code.te
x)
\pgffor@iter=\dimen331
\pgffor@skip=\dimen332
\pgffor@stack=\toks58
\pgffor@toks=\toks59
))
(C:\Users\PC\AppData\Local\Programs\MiKTeX\tex/generic/pgf/frontendlayer/tikz\t
ikz.code.tex
Package: tikz 2020/12/27 v3.1.8b (3.1.8b)

(C:\Users\PC\AppData\Local\Programs\MiKTeX\tex/generic/pgf/libraries\pgflibrary
plothandlers.code.tex
File: pgflibraryplothandlers.code.tex 2020/12/27 v3.1.8b (3.1.8b)
\pgf@plot@mark@count=\count357
\pgfplotmarksize=\dimen333
)
\tikz@lastx=\dimen334
\tikz@lasty=\dimen335
\tikz@lastxsaved=\dimen336
\tikz@lastysaved=\dimen337
\tikz@lastmovetox=\dimen338
\tikz@lastmovetoy=\dimen339
\tikzleveldistance=\dimen340
\tikzsiblingdistance=\dimen341
\tikz@figbox=\box81
\tikz@figbox@bg=\box82
\tikz@tempbox=\box83
\tikz@tempbox@bg=\box84
\tikztreelevel=\count358
\tikznumberofchildren=\count359
\tikznumberofcurrentchild=\count360
\tikz@fig@count=\count361

(C:\Users\PC\AppData\Local\Programs\MiKTeX\tex/generic/pgf/modules\pgfmodulemat
rix.code.tex
File: pgfmodulematrix.code.tex 2020/12/27 v3.1.8b (3.1.8b)
\pgfmatrixcurrentrow=\count362
\pgfmatrixcurrentcolumn=\count363
\pgf@matrix@numberofcolumns=\count364
)
\tikz@expandcount=\count365

(C:\Users\PC\AppData\Local\Programs\MiKTeX\tex/generic/pgf/frontendlayer/tikz/l
ibraries\tikzlibrarytopaths.code.tex
File: tikzlibrarytopaths.code.tex 2020/12/27 v3.1.8b (3.1.8b)
)))
(C:\Users\PC\AppData\Local\Programs\MiKTeX\tex/generic/pgf/frontendlayer/tikz/l
ibraries\tikzlibrarypositioning.code.tex
File: tikzlibrarypositioning.code.tex 2020/12/27 v3.1.8b (3.1.8b)
)
(C:\Users\PC\AppData\Local\Programs\MiKTeX\tex/latex/latex-tools\verbatim.sty
Package: verbatim 2020-07-07 v1.5u LaTeX2e package for verbatim enhancements
\every@verbatim=\toks60
\verbatim@line=\toks61
\verbatim@in@stream=\read4
)
(C:\Users\PC\AppData\Local\Programs\MiKTeX\tex/generic/pgf/frontendlayer/tikz/l
ibraries\tikzlibraryarrows.code.tex
File: tikzlibraryarrows.code.tex 2020/12/27 v3.1.8b (3.1.8b)

(C:\Users\PC\AppData\Local\Programs\MiKTeX\tex/generic/pgf/libraries\pgflibrary
arrows.code.tex
File: pgflibraryarrows.code.tex 2020/12/27 v3.1.8b (3.1.8b)
\arrowsize=\dimen342
))
(C:\Users\PC\AppData\Local\Programs\MiKTeX\tex/generic/pgf/frontendlayer/tikz/l
ibraries\tikzlibraryshapes.code.tex
File: tikzlibraryshapes.code.tex 2020/12/27 v3.1.8b (3.1.8b)

(C:\Users\PC\AppData\Local\Programs\MiKTeX\tex/generic/pgf/frontendlayer/tikz/l
ibraries\tikzlibraryshapes.geometric.code.tex
File: tikzlibraryshapes.geometric.code.tex 2020/12/27 v3.1.8b (3.1.8b)

(C:\Users\PC\AppData\Local\Programs\MiKTeX\tex/generic/pgf/libraries/shapes\pgf
libraryshapes.geometric.code.tex
File: pgflibraryshapes.geometric.code.tex 2020/12/27 v3.1.8b (3.1.8b)
))
(C:\Users\PC\AppData\Local\Programs\MiKTeX\tex/generic/pgf/frontendlayer/tikz/l
ibraries\tikzlibraryshapes.misc.code.tex
File: tikzlibraryshapes.misc.code.tex 2020/12/27 v3.1.8b (3.1.8b)

(C:\Users\PC\AppData\Local\Programs\MiKTeX\tex/generic/pgf/libraries/shapes\pgf
libraryshapes.misc.code.tex
File: pgflibraryshapes.misc.code.tex 2020/12/27 v3.1.8b (3.1.8b)
))
(C:\Users\PC\AppData\Local\Programs\MiKTeX\tex/generic/pgf/frontendlayer/tikz/l
ibraries\tikzlibraryshapes.symbols.code.tex
File: tikzlibraryshapes.symbols.code.tex 2020/12/27 v3.1.8b (3.1.8b)

(C:\Users\PC\AppData\Local\Programs\MiKTeX\tex/generic/pgf/libraries/shapes\pgf
libraryshapes.symbols.code.tex
File: pgflibraryshapes.symbols.code.tex 2020/12/27 v3.1.8b (3.1.8b)
))
(C:\Users\PC\AppData\Local\Programs\MiKTeX\tex/generic/pgf/frontendlayer/tikz/l
ibraries\tikzlibraryshapes.arrows.code.tex
File: tikzlibraryshapes.arrows.code.tex 2020/12/27 v3.1.8b (3.1.8b)

(C:\Users\PC\AppData\Local\Programs\MiKTeX\tex/generic/pgf/libraries/shapes\pgf
libraryshapes.arrows.code.tex
File: pgflibraryshapes.arrows.code.tex 2020/12/27 v3.1.8b (3.1.8b)
))
(C:\Users\PC\AppData\Local\Programs\MiKTeX\tex/generic/pgf/frontendlayer/tikz/l
ibraries\tikzlibraryshapes.callouts.code.tex
(C:\Users\PC\AppData\Local\Programs\MiKTeX\tex/generic/pgf/libraries/shapes\pgf
libraryshapes.callouts.code.tex))
(C:\Users\PC\AppData\Local\Programs\MiKTeX\tex/generic/pgf/frontendlayer/tikz/l
ibraries\tikzlibraryshapes.multipart.code.tex
File: tikzlibraryshapes.multipart.code.tex 2020/12/27 v3.1.8b (3.1.8b)

(C:\Users\PC\AppData\Local\Programs\MiKTeX\tex/generic/pgf/libraries/shapes\pgf
libraryshapes.multipart.code.tex
File: pgflibraryshapes.multipart.code.tex 2020/12/27 v3.1.8b (3.1.8b)
\pgfnodepartlowerbox=\box85
\pgfnodeparttwobox=\box86
\pgfnodepartthreebox=\box87
\pgfnodepartfourbox=\box88
\pgfnodeparttwentybox=\box89
\pgfnodepartnineteenbox=\box90
\pgfnodeparteighteenbox=\box91
\pgfnodepartseventeenbox=\box92
\pgfnodepartsixteenbox=\box93
\pgfnodepartfifteenbox=\box94
\pgfnodepartfourteenbox=\box95
\pgfnodepartthirteenbox=\box96
\pgfnodeparttwelvebox=\box97
\pgfnodepartelevenbox=\box98
\pgfnodeparttenbox=\box99
\pgfnodepartninebox=\box100
\pgfnodeparteightbox=\box101
\pgfnodepartsevenbox=\box102
\pgfnodepartsixbox=\box103
\pgfnodepartfivebox=\box104
)))
(C:\Users\PC\AppData\Local\Programs\MiKTeX\tex/latex/hyperref\hyperref.sty
Package: hyperref 2020-05-15 v7.00e Hypertext links for LaTeX

(C:\Users\PC\AppData\Local\Programs\MiKTeX\tex/generic/pdfescape\pdfescape.sty
Package: pdfescape 2019/12/09 v1.15 Implements pdfTeX's escape features (HO)
) (C:\Users\PC\AppData\Local\Programs\MiKTeX\tex/latex/hycolor\hycolor.sty
Package: hycolor 2020-01-27 v1.10 Color options for hyperref/bookmark (HO)
)
(C:\Users\PC\AppData\Local\Programs\MiKTeX\tex/latex/letltxmacro\letltxmacro.st
y
Package: letltxmacro 2019/12/03 v1.6 Let assignment for LaTeX macros (HO)
) (C:\Users\PC\AppData\Local\Programs\MiKTeX\tex/latex/auxhook\auxhook.sty
Package: auxhook 2019-12-17 v1.6 Hooks for auxiliary files (HO)
)
\@linkdim=\dimen343
\Hy@linkcounter=\count366
\Hy@pagecounter=\count367

(C:\Users\PC\AppData\Local\Programs\MiKTeX\tex/latex/hyperref\pd1enc.def
File: pd1enc.def 2020-05-15 v7.00e Hyperref: PDFDocEncoding definition (HO)
Now handling font encoding PD1 ...
... no UTF-8 mapping file for font encoding PD1
)
(C:\Users\PC\AppData\Local\Programs\MiKTeX\tex/generic/intcalc\intcalc.sty
Package: intcalc 2019/12/15 v1.3 Expandable calculations with integers (HO)
)
(C:\Users\PC\AppData\Local\Programs\MiKTeX\tex/generic/etexcmds\etexcmds.sty
Package: etexcmds 2019/12/15 v1.7 Avoid name clashes with e-TeX commands (HO)
)
\Hy@SavedSpaceFactor=\count368
Package hyperref Info: Option `colorlinks' set `true' on input line 4338.
Package hyperref Info: Hyper figures OFF on input line 4464.
Package hyperref Info: Link nesting OFF on input line 4469.
Package hyperref Info: Hyper index ON on input line 4472.
Package hyperref Info: Plain pages OFF on input line 4479.
Package hyperref Info: Backreferencing OFF on input line 4484.
Package hyperref Info: Implicit mode ON; LaTeX internals redefined.
Package hyperref Info: Bookmarks ON on input line 4717.
\c@Hy@tempcnt=\count369

(C:\Users\PC\AppData\Local\Programs\MiKTeX\tex/latex/url\url.sty
\Urlmuskip=\muskip22
Package: url 2013/09/16  ver 3.4  Verb mode for urls, etc.
)
LaTeX Info: Redefining \url on input line 5076.
\XeTeXLinkMargin=\dimen344

(C:\Users\PC\AppData\Local\Programs\MiKTeX\tex/generic/bitset\bitset.sty
Package: bitset 2019/12/09 v1.3 Handle bit-vector datatype (HO)

(C:\Users\PC\AppData\Local\Programs\MiKTeX\tex/generic/bigintcalc\bigintcalc.st
y
Package: bigintcalc 2019/12/15 v1.5 Expandable calculations on big integers (HO
)
))
\Fld@menulength=\count370
\Field@Width=\dimen345
\Fld@charsize=\dimen346
Package hyperref Info: Hyper figures OFF on input line 6347.
Package hyperref Info: Link nesting OFF on input line 6352.
Package hyperref Info: Hyper index ON on input line 6355.
Package hyperref Info: backreferencing OFF on input line 6362.
Package hyperref Info: Link coloring ON on input line 6365.
Package hyperref Info: Link coloring with OCG OFF on input line 6372.
Package hyperref Info: PDF/A mode OFF on input line 6377.
LaTeX Info: Redefining \ref on input line 6417.
LaTeX Info: Redefining \pageref on input line 6421.
 (C:\Users\PC\AppData\Local\Programs\MiKTeX\tex/latex/base\atbegshi-ltx.sty
Package: atbegshi-ltx 2020/08/17 v1.0a Emulation of the original atbegshi packa
ge
with kernel methods
)
\Hy@abspage=\count371
\c@Item=\count372
\c@Hfootnote=\count373
)
Package hyperref Info: Driver (autodetected): hpdftex.
 (C:\Users\PC\AppData\Local\Programs\MiKTeX\tex/latex/hyperref\hpdftex.def
File: hpdftex.def 2020-05-15 v7.00e Hyperref driver for pdfTeX

(C:\Users\PC\AppData\Local\Programs\MiKTeX\tex/latex/base\atveryend-ltx.sty
Package: atveryend-ltx 2020/08/19 v1.0a Emulation of the original atvery packag
e
with kernel methods
)
\Fld@listcount=\count374
\c@bookmark@seq@number=\count375

(C:\Users\PC\AppData\Local\Programs\MiKTeX\tex/latex/rerunfilecheck\rerunfilech
eck.sty
Package: rerunfilecheck 2019/12/05 v1.9 Rerun checks for auxiliary files (HO)

(C:\Users\PC\AppData\Local\Programs\MiKTeX\tex/generic/uniquecounter\uniquecoun
ter.sty
Package: uniquecounter 2019/12/15 v1.4 Provide unlimited unique counter (HO)
)
Package uniquecounter Info: New unique counter `rerunfilecheck' on input line 2
86.
)
\Hy@SectionHShift=\skip82
) (C:\Users\PC\AppData\Local\Programs\MiKTeX\tex/generic/soul\soul.sty
Package: soul 2003/11/17 v2.4 letterspacing/underlining (mf)
\SOUL@word=\toks62
\SOUL@lasttoken=\toks63
\SOUL@cmds=\toks64
\SOUL@buffer=\toks65
\SOUL@token=\toks66
\SOUL@spaceskip=\skip83
\SOUL@ttwidth=\dimen347
\SOUL@uldp=\dimen348
\SOUL@ulht=\dimen349
) (C:\Users\PC\AppData\Local\Programs\MiKTeX\tex/latex/latex-tools\multicol.sty
Package: multicol 2019/12/09 v1.8y multicolumn formatting (FMi)
\c@tracingmulticols=\count376
\mult@box=\box105
\multicol@leftmargin=\dimen350
\c@unbalance=\count377
\c@collectmore=\count378
\doublecol@number=\count379
\multicoltolerance=\count380
\multicolpretolerance=\count381
\full@width=\dimen351
\page@free=\dimen352
\premulticols=\dimen353
\postmulticols=\dimen354
\multicolsep=\skip84
\multicolbaselineskip=\skip85
\partial@page=\box106
\last@line=\box107
\maxbalancingoverflow=\dimen355
\mult@rightbox=\box108
\mult@grightbox=\box109
\mult@gfirstbox=\box110
\mult@firstbox=\box111
\@tempa=\box112
\@tempa=\box113
\@tempa=\box114
\@tempa=\box115
\@tempa=\box116
\@tempa=\box117
\@tempa=\box118
\@tempa=\box119
\@tempa=\box120
\@tempa=\box121
\@tempa=\box122
\@tempa=\box123
\@tempa=\box124
\@tempa=\box125
\@tempa=\box126
\@tempa=\box127
\@tempa=\box128
\@tempa=\box129
\@tempa=\box130
\@tempa=\box131
\@tempa=\box132
\@tempa=\box133
\@tempa=\box134
\@tempa=\box135
\@tempa=\box136
\@tempa=\box137
\@tempa=\box138
\@tempa=\box139
\@tempa=\box140
\@tempa=\box141
\@tempa=\box142
\@tempa=\box143
\@tempa=\box144
\@tempa=\box145
\@tempa=\box146
\@tempa=\box147
\@tempa=\box148
\c@minrows=\count382
\c@columnbadness=\count383
\c@finalcolumnbadness=\count384
\last@try=\dimen356
\multicolovershoot=\dimen357
\multicolundershoot=\dimen358
\mult@nat@firstbox=\box149
\colbreak@box=\box150
\mc@col@check@num=\count385
) (C:\Users\PC\AppData\Local\Programs\MiKTeX\tex/latex/lm\lmodern.sty
Package: lmodern 2009/10/30 v1.6 Latin Modern Fonts
LaTeX Font Info:    Overwriting symbol font `operators' in version `normal'
(Font)                  OT1/cmr/m/n --> OT1/lmr/m/n on input line 22.
LaTeX Font Info:    Overwriting symbol font `letters' in version `normal'
(Font)                  OML/cmm/m/it --> OML/lmm/m/it on input line 23.
LaTeX Font Info:    Overwriting symbol font `symbols' in version `normal'
(Font)                  OMS/cmsy/m/n --> OMS/lmsy/m/n on input line 24.
LaTeX Font Info:    Overwriting symbol font `largesymbols' in version `normal'
(Font)                  OMX/cmex/m/n --> OMX/lmex/m/n on input line 25.
LaTeX Font Info:    Overwriting symbol font `operators' in version `bold'
(Font)                  OT1/cmr/bx/n --> OT1/lmr/bx/n on input line 26.
LaTeX Font Info:    Overwriting symbol font `letters' in version `bold'
(Font)                  OML/cmm/b/it --> OML/lmm/b/it on input line 27.
LaTeX Font Info:    Overwriting symbol font `symbols' in version `bold'
(Font)                  OMS/cmsy/b/n --> OMS/lmsy/b/n on input line 28.
LaTeX Font Info:    Overwriting symbol font `largesymbols' in version `bold'
(Font)                  OMX/cmex/m/n --> OMX/lmex/m/n on input line 29.
LaTeX Font Info:    Overwriting math alphabet `\mathbf' in version `normal'
(Font)                  OT1/cmr/bx/n --> OT1/lmr/bx/n on input line 31.
LaTeX Font Info:    Overwriting math alphabet `\mathsf' in version `normal'
(Font)                  OT1/cmss/m/n --> OT1/lmss/m/n on input line 32.
LaTeX Font Info:    Overwriting math alphabet `\mathit' in version `normal'
(Font)                  OT1/cmr/m/it --> OT1/lmr/m/it on input line 33.
LaTeX Font Info:    Overwriting math alphabet `\mathtt' in version `normal'
(Font)                  OT1/cmtt/m/n --> OT1/lmtt/m/n on input line 34.
LaTeX Font Info:    Overwriting math alphabet `\mathbf' in version `bold'
(Font)                  OT1/cmr/bx/n --> OT1/lmr/bx/n on input line 35.
LaTeX Font Info:    Overwriting math alphabet `\mathsf' in version `bold'
(Font)                  OT1/cmss/bx/n --> OT1/lmss/bx/n on input line 36.
LaTeX Font Info:    Overwriting math alphabet `\mathit' in version `bold'
(Font)                  OT1/cmr/bx/it --> OT1/lmr/bx/it on input line 37.
LaTeX Font Info:    Overwriting math alphabet `\mathtt' in version `bold'
(Font)                  OT1/cmtt/m/n --> OT1/lmtt/m/n on input line 38.
)
(C:\Users\PC\AppData\Local\Programs\MiKTeX\tex/latex/pgfplots\pgfplots.sty
(C:\Users\PC\AppData\Local\Programs\MiKTeX\tex/generic/pgfplots\pgfplots.revisi
on.tex)
Package: pgfplots 2020/02/29 v1.17 Data Visualization (1.17)

(C:\Users\PC\AppData\Local\Programs\MiKTeX\tex/generic/pgfplots\pgfplots.code.t
ex
(C:\Users\PC\AppData\Local\Programs\MiKTeX\tex/generic/pgfplots\pgfplotscore.co
de.tex
\t@pgfplots@toka=\toks67
\t@pgfplots@tokb=\toks68
\t@pgfplots@tokc=\toks69
\pgfplots@tmpa=\dimen359
\c@pgfplots@coordindex=\count386
\c@pgfplots@scanlineindex=\count387

(C:\Users\PC\AppData\Local\Programs\MiKTeX\tex/generic/pgfplots/sys\pgfplotssys
generic.code.tex))
(C:\Users\PC\AppData\Local\Programs\MiKTeX\tex/generic/pgfplots/libs\pgfplotsli
brary.code.tex)
(C:\Users\PC\AppData\Local\Programs\MiKTeX\tex/generic/pgfplots/oldpgfcompatib\
pgfplotsoldpgfsupp_loader.code.tex
(C:\Users\PC\AppData\Local\Programs\MiKTeX\tex/generic/pgf/libraries\pgflibrary
fpu.code.tex))
(C:\Users\PC\AppData\Local\Programs\MiKTeX\tex/generic/pgfplots/util\pgfplotsut
il.code.tex
(C:\Users\PC\AppData\Local\Programs\MiKTeX\tex/generic/pgfplots/liststructure\p
gfplotsliststructure.code.tex)
(C:\Users\PC\AppData\Local\Programs\MiKTeX\tex/generic/pgfplots/liststructure\p
gfplotsliststructureext.code.tex)
(C:\Users\PC\AppData\Local\Programs\MiKTeX\tex/generic/pgfplots/liststructure\p
gfplotsarray.code.tex
\c@pgfplotsarray@tmp=\count388
)
(C:\Users\PC\AppData\Local\Programs\MiKTeX\tex/generic/pgfplots/liststructure\p
gfplotsmatrix.code.tex)
(C:\Users\PC\AppData\Local\Programs\MiKTeX\tex/generic/pgfplots/numtable\pgfplo
tstableshared.code.tex
\c@pgfplotstable@counta=\count389
\t@pgfplotstable@a=\toks70
)
(C:\Users\PC\AppData\Local\Programs\MiKTeX\tex/generic/pgfplots/liststructure\p
gfplotsdeque.code.tex)
(C:\Users\PC\AppData\Local\Programs\MiKTeX\tex/generic/pgfplots/util\pgfplotsbi
nary.code.tex
(C:\Users\PC\AppData\Local\Programs\MiKTeX\tex/generic/pgfplots/util\pgfplotsbi
nary.data.code.tex))
(C:\Users\PC\AppData\Local\Programs\MiKTeX\tex/generic/pgfplots/util\pgfplotsut
il.verb.code.tex)
(C:\Users\PC\AppData\Local\Programs\MiKTeX\tex/generic/pgfplots/libs\pgflibrary
pgfplots.surfshading.code.tex
\c@pgfplotslibrarysurf@no=\count390

(C:\Users\PC\AppData\Local\Programs\MiKTeX\tex/generic/pgfplots/sys\pgflibraryp
gfplots.surfshading.pgfsys-pdftex.def)))
(C:\Users\PC\AppData\Local\Programs\MiKTeX\tex/generic/pgfplots/util\pgfplotsco
lormap.code.tex
(C:\Users\PC\AppData\Local\Programs\MiKTeX\tex/generic/pgfplots/util\pgfplotsco
lor.code.tex))
(C:\Users\PC\AppData\Local\Programs\MiKTeX\tex/generic/pgfplots\pgfplotsstacked
plots.code.tex)
(C:\Users\PC\AppData\Local\Programs\MiKTeX\tex/generic/pgfplots\pgfplotsplothan
dlers.code.tex
(C:\Users\PC\AppData\Local\Programs\MiKTeX\tex/generic/pgfplots\pgfplotsmeshplo
thandler.code.tex
(C:\Users\PC\AppData\Local\Programs\MiKTeX\tex/generic/pgfplots\pgfplotsmeshplo
timage.code.tex)))
(C:\Users\PC\AppData\Local\Programs\MiKTeX\tex/generic/pgfplots\pgfplots.scalin
g.code.tex)
(C:\Users\PC\AppData\Local\Programs\MiKTeX\tex/generic/pgfplots\pgfplotscoordpr
ocessing.code.tex)
(C:\Users\PC\AppData\Local\Programs\MiKTeX\tex/generic/pgfplots\pgfplots.errorb
ars.code.tex)
(C:\Users\PC\AppData\Local\Programs\MiKTeX\tex/generic/pgfplots\pgfplots.marker
s.code.tex)
(C:\Users\PC\AppData\Local\Programs\MiKTeX\tex/generic/pgfplots\pgfplotsticks.c
ode.tex)
(C:\Users\PC\AppData\Local\Programs\MiKTeX\tex/generic/pgfplots\pgfplots.paths.
code.tex)
(C:\Users\PC\AppData\Local\Programs\MiKTeX\tex/generic/pgf/frontendlayer/tikz/l
ibraries\tikzlibrarydecorations.code.tex
(C:\Users\PC\AppData\Local\Programs\MiKTeX\tex/generic/pgf/modules\pgfmoduledec
orations.code.tex
\pgfdecoratedcompleteddistance=\dimen360
\pgfdecoratedremainingdistance=\dimen361
\pgfdecoratedinputsegmentcompleteddistance=\dimen362
\pgfdecoratedinputsegmentremainingdistance=\dimen363
\pgf@decorate@distancetomove=\dimen364
\pgf@decorate@repeatstate=\count391
\pgfdecorationsegmentamplitude=\dimen365
\pgfdecorationsegmentlength=\dimen366
)
\tikz@lib@dec@box=\box151
)
(C:\Users\PC\AppData\Local\Programs\MiKTeX\tex/generic/pgf/frontendlayer/tikz/l
ibraries\tikzlibrarydecorations.pathmorphing.code.tex
(C:\Users\PC\AppData\Local\Programs\MiKTeX\tex/generic/pgf/libraries/decoration
s\pgflibrarydecorations.pathmorphing.code.tex))
(C:\Users\PC\AppData\Local\Programs\MiKTeX\tex/generic/pgf/frontendlayer/tikz/l
ibraries\tikzlibrarydecorations.pathreplacing.code.tex
(C:\Users\PC\AppData\Local\Programs\MiKTeX\tex/generic/pgf/libraries/decoration
s\pgflibrarydecorations.pathreplacing.code.tex))
\pgfplots@numplots=\count392
\pgfplots@xmin@reg=\dimen367
\pgfplots@xmax@reg=\dimen368
\pgfplots@ymin@reg=\dimen369
\pgfplots@ymax@reg=\dimen370
\pgfplots@zmin@reg=\dimen371
\pgfplots@zmax@reg=\dimen372
)
(C:\Users\PC\AppData\Local\Programs\MiKTeX\tex/generic/pgf/frontendlayer/tikz/l
ibraries\tikzlibraryplotmarks.code.tex
File: tikzlibraryplotmarks.code.tex 2020/12/27 v3.1.8b (3.1.8b)

(C:\Users\PC\AppData\Local\Programs\MiKTeX\tex/generic/pgf/libraries\pgflibrary
plotmarks.code.tex
File: pgflibraryplotmarks.code.tex 2020/12/27 v3.1.8b (3.1.8b)
)))
LaTeX Font Info:    Trying to load font information for T1+lmss on input line 1
06.

(C:\Users\PC\AppData\Local\Programs\MiKTeX\tex/latex/lm\t1lmss.fd
File: t1lmss.fd 2009/10/30 v1.6 Font defs for Latin Modern
)
(boletin_covid.aux
LaTeX Info: Redefining \. on input line 25.
LaTeX Info: Redefining \% on input line 25.
)
\openout1 = `boletin_covid.aux'.

LaTeX Font Info:    Checking defaults for OML/cmm/m/it on input line 106.
LaTeX Font Info:    ... okay on input line 106.
LaTeX Font Info:    Checking defaults for OMS/cmsy/m/n on input line 106.
LaTeX Font Info:    ... okay on input line 106.
LaTeX Font Info:    Checking defaults for OT1/cmr/m/n on input line 106.
LaTeX Font Info:    ... okay on input line 106.
LaTeX Font Info:    Checking defaults for T1/cmr/m/n on input line 106.
LaTeX Font Info:    ... okay on input line 106.
LaTeX Font Info:    Checking defaults for TS1/cmr/m/n on input line 106.
LaTeX Font Info:    ... okay on input line 106.
LaTeX Font Info:    Checking defaults for OMX/cmex/m/n on input line 106.
LaTeX Font Info:    ... okay on input line 106.
LaTeX Font Info:    Checking defaults for U/cmr/m/n on input line 106.
LaTeX Font Info:    ... okay on input line 106.
LaTeX Font Info:    Checking defaults for PD1/pdf/m/n on input line 106.
LaTeX Font Info:    ... okay on input line 106.
LaTeX Info: Redefining \. on input line 106.
LaTeX Info: Redefining \% on input line 106.

(C:\Users\PC\AppData\Local\Programs\MiKTeX\tex/context/base/mkii\supp-pdf.mkii
[Loading MPS to PDF converter (version 2006.09.02).]
\scratchcounter=\count393
\scratchdimen=\dimen373
\scratchbox=\box152
\nofMPsegments=\count394
\nofMParguments=\count395
\everyMPshowfont=\toks71
\MPscratchCnt=\count396
\MPscratchDim=\dimen374
\MPnumerator=\count397
\makeMPintoPDFobject=\count398
\everyMPtoPDFconversion=\toks72
)
(C:\Users\PC\AppData\Local\Programs\MiKTeX\tex/latex/translations/dicts\transla
tions-basic-dictionary-spanish.trsl
File: translations-basic-dictionary-spanish.trsl (spanish translation file `tra
nslations-basic-dictionary')
)
Package translations Info: loading dictionary `translations-basic-dictionary' f
or `spanish'. on input line 106.
Package caption Info: Begin \AtBeginDocument code.
Package caption Info: float package is loaded.
Package caption Info: hyperref package is loaded.
Package caption Info: rotating package is loaded.
Package caption Info: threeparttable package is loaded.
Package caption Info: End \AtBeginDocument code.
\c@mv@tabular=\count399
\c@mv@boldtabular=\count400
Package hyperref Info: Link coloring ON on input line 106.

(C:\Users\PC\AppData\Local\Programs\MiKTeX\tex/latex/hyperref\nameref.sty
Package: nameref 2019/09/16 v2.46 Cross-referencing by name of section

(C:\Users\PC\AppData\Local\Programs\MiKTeX\tex/latex/refcount\refcount.sty
Package: refcount 2019/12/15 v3.6 Data extraction from label references (HO)
)
(C:\Users\PC\AppData\Local\Programs\MiKTeX\tex/generic/gettitlestring\gettitles
tring.sty
Package: gettitlestring 2019/12/15 v1.6 Cleanup title references (HO)
)
\c@section@level=\count401
)
LaTeX Info: Redefining \ref on input line 106.
LaTeX Info: Redefining \pageref on input line 106.
LaTeX Info: Redefining \nameref on input line 106.
 (boletin_covid.out) (boletin_covid.out)
\@outlinefile=\write5
\openout5 = `boletin_covid.out'.



Package pgfplots Warning: running in backwards compatibility mode (unsuitable t
ick labels; missing features). Consider writing \pgfplotsset{compat=1.17} into 
your preamble.
 on input line 106.


LaTeX3 Info: Redefining command \footnote with sig. 'so+m' on line 106.


LaTeX3 Info: Redefining command \footnotemark with sig. 'so' on line 106.

<../editorial/cover_boletin_8.pdf, id=46, 305.86671pt x 398.3382pt>
File: ../editorial/cover_boletin_8.pdf Graphic file (type pdf)
<use ../editorial/cover_boletin_8.pdf>
Package pdftex.def Info: ../editorial/cover_boletin_8.pdf  used on input line 1
26.
(pdftex.def)             Requested size: 305.86595pt x 398.33722pt.
File: ../editorial/cover_boletin_8.pdf Graphic file (type pdf)
<use ../editorial/cover_boletin_8.pdf>
Package pdftex.def Info: ../editorial/cover_boletin_8.pdf  used on input line 1
26.
(pdftex.def)             Requested size: 305.86595pt x 398.33722pt.
<../editorial/cover_boletin_8.pdf, id=49, page=1, 305.86671pt x 398.3382pt>
File: ../editorial/cover_boletin_8.pdf Graphic file (type pdf)
<use ../editorial/cover_boletin_8.pdf, page 1>
Package pdftex.def Info: ../editorial/cover_boletin_8.pdf , page1 used on input
 line 126.
(pdftex.def)             Requested size: 305.86595pt x 398.33722pt.
File: ../editorial/cover_boletin_8.pdf Graphic file (type pdf)
<use ../editorial/cover_boletin_8.pdf, page 1>
Package pdftex.def Info: ../editorial/cover_boletin_8.pdf , page1 used on input
 line 126.
(pdftex.def)             Requested size: 599.2006pt x 780.35461pt.
File: ../editorial/cover_boletin_8.pdf Graphic file (type pdf)
<use ../editorial/cover_boletin_8.pdf, page 1>
Package pdftex.def Info: ../editorial/cover_boletin_8.pdf , page1 used on input
 line 126.
(pdftex.def)             Requested size: 599.2006pt x 780.35461pt.
File: ../editorial/cover_boletin_8.pdf Graphic file (type pdf)
<use ../editorial/cover_boletin_8.pdf, page 1>
Package pdftex.def Info: ../editorial/cover_boletin_8.pdf , page1 used on input
 line 126.
(pdftex.def)             Requested size: 599.2006pt x 780.35461pt.
File: ../editorial/cover_boletin_8.pdf Graphic file (type pdf)
<use ../editorial/cover_boletin_8.pdf, page 1>
Package pdftex.def Info: ../editorial/cover_boletin_8.pdf , page1 used on input
 line 126.
(pdftex.def)             Requested size: 599.2006pt x 780.35461pt.
[1
Non-PDF special ignored!
<special> header=psfrag.pro

 <../editorial/cover_boletin_8.pdf>]
LaTeX Font Info:    Font shape `T1/lmss/m/it' in size <12> not available
(Font)              Font shape `T1/lmss/m/sl' tried instead on input line 155.
pdfTeX warning (ext4): destination with the same identifier (name{page.1}) has 
been already used, duplicate ignored
<to be read again> 
                   \relax 
l.186 	\tableofcontents
                        [1


{C:/Users/PC/AppData/Local/MiKTeX/pdftex/config/pdftex.map}] (boletin_covid.toc
LaTeX Info: Redefining \. on input line 1.
LaTeX Info: Redefining \% on input line 1.
)
\tf@toc=\write6
\openout6 = `boletin_covid.toc'.

 [2

] (boletin_covid.lof
LaTeX Info: Redefining \. on input line 1.
LaTeX Info: Redefining \% on input line 1.
LaTeX Font Info:    Trying to load font information for OT1+lmr on input line 2
.

(C:\Users\PC\AppData\Local\Programs\MiKTeX\tex/latex/lm\ot1lmr.fd
File: ot1lmr.fd 2009/10/30 v1.6 Font defs for Latin Modern
)
LaTeX Font Info:    Trying to load font information for OML+lmm on input line 2
.

(C:\Users\PC\AppData\Local\Programs\MiKTeX\tex/latex/lm\omllmm.fd
File: omllmm.fd 2009/10/30 v1.6 Font defs for Latin Modern
)
LaTeX Font Info:    Trying to load font information for OMS+lmsy on input line 
2.

(C:\Users\PC\AppData\Local\Programs\MiKTeX\tex/latex/lm\omslmsy.fd
File: omslmsy.fd 2009/10/30 v1.6 Font defs for Latin Modern
)
LaTeX Font Info:    Trying to load font information for OMX+lmex on input line 
2.

(C:\Users\PC\AppData\Local\Programs\MiKTeX\tex/latex/lm\omxlmex.fd
File: omxlmex.fd 2009/10/30 v1.6 Font defs for Latin Modern
)
LaTeX Font Info:    External font `lmex10' loaded for size
(Font)              <12> on input line 2.
LaTeX Font Info:    External font `lmex10' loaded for size
(Font)              <8> on input line 2.
LaTeX Font Info:    External font `lmex10' loaded for size
(Font)              <6> on input line 2.
LaTeX Font Info:    Trying to load font information for U+msa on input line 2.

(C:\Users\PC\AppData\Local\Programs\MiKTeX\tex/latex/amsfonts\umsa.fd
File: umsa.fd 2013/01/14 v3.01 AMS symbols A
)
LaTeX Font Info:    Trying to load font information for U+msb on input line 2.

(C:\Users\PC\AppData\Local\Programs\MiKTeX\tex/latex/amsfonts\umsb.fd
File: umsb.fd 2013/01/14 v3.01 AMS symbols B
) [3

]
Underfull \vbox (badness 1199) has occurred while \output is active []

 [4]
[5] [6])
\tf@lof=\write7
\openout7 = `boletin_covid.lof'.

 [7] (boletin_covid.lot
LaTeX Info: Redefining \. on input line 1.
LaTeX Info: Redefining \% on input line 1.
)
\tf@lot=\write8
\openout8 = `boletin_covid.lot'.

 [8

]
<../editorial/foto_editorial.jpeg, id=281, 1606.0pt x 902.37125pt>
File: ../editorial/foto_editorial.jpeg Graphic file (type jpg)
<use ../editorial/foto_editorial.jpeg>
Package pdftex.def Info: ../editorial/foto_editorial.jpeg  used on input line 2
00.
(pdftex.def)             Requested size: 241.84842pt x 135.88684pt.
LaTeX Font Info:    Trying to load font information for TS1+lmss on input line 
212.

(C:\Users\PC\AppData\Local\Programs\MiKTeX\tex/latex/lm\ts1lmss.fd
File: ts1lmss.fd 2009/10/30 v1.6 Font defs for Latin Modern
)
Underfull \vbox (badness 10000) has occurred while \output is active []

 [9

 <../editorial/foto_editorial.jpeg>] [10]
Underfull \vbox (badness 8019) has occurred while \output is active []

 [11

]
[12]

pdfTeX warning: pdflatex.exe (file ../figuras/figura1.pdf): PDF inclusion: foun
d PDF version <1.6>, but at most version <1.5> allowed
<../figuras/figura1.pdf, id=303, 397.485pt x 289.08pt>
File: ../figuras/figura1.pdf Graphic file (type pdf)
<use ../figuras/figura1.pdf>
Package pdftex.def Info: ../figuras/figura1.pdf  used on input line 245.
(pdftex.def)             Requested size: 316.24951pt x 230.00717pt.


pdfTeX warning: pdflatex.exe (file ../figuras/figura2.pdf): PDF inclusion: foun
d PDF version <1.6>, but at most version <1.5> allowed
<../figuras/figura2.pdf, id=305, 397.485pt x 289.08pt>
File: ../figuras/figura2.pdf Graphic file (type pdf)
<use ../figuras/figura2.pdf>
Package pdftex.def Info: ../figuras/figura2.pdf  used on input line 253.
(pdftex.def)             Requested size: 316.24951pt x 230.00717pt.
[13

 <../figuras/figura1.pdf>] [14 <../figuras/figura2.pdf>]

pdfTeX warning: pdflatex.exe (file ../figuras/figura3.pdf): PDF inclusion: foun
d PDF version <1.6>, but at most version <1.5> allowed
<../figuras/figura3.pdf, id=336, 397.485pt x 289.08pt>
File: ../figuras/figura3.pdf Graphic file (type pdf)
<use ../figuras/figura3.pdf>
Package pdftex.def Info: ../figuras/figura3.pdf  used on input line 269.
(pdftex.def)             Requested size: 316.24951pt x 230.00717pt.


pdfTeX warning: pdflatex.exe (file ../figuras/figura4.pdf): PDF inclusion: foun
d PDF version <1.6>, but at most version <1.5> allowed
<../figuras/figura4.pdf, id=338, 397.485pt x 289.08pt>
File: ../figuras/figura4.pdf Graphic file (type pdf)
<use ../figuras/figura4.pdf>
Package pdftex.def Info: ../figuras/figura4.pdf  used on input line 281.
(pdftex.def)             Requested size: 316.24951pt x 230.00717pt.

LaTeX Warning: `h' float specifier changed to `ht'.

[15

 <../figuras/figura3.pdf>]

pdfTeX warning: pdflatex.exe (file ../figuras/figura5.pdf): PDF inclusion: foun
d PDF version <1.6>, but at most version <1.5> allowed
<../figuras/figura5.pdf, id=354, 397.485pt x 289.08pt>
File: ../figuras/figura5.pdf Graphic file (type pdf)
<use ../figuras/figura5.pdf>
Package pdftex.def Info: ../figuras/figura5.pdf  used on input line 292.
(pdftex.def)             Requested size: 316.24951pt x 230.00717pt.

LaTeX Warning: `h' float specifier changed to `ht'.



pdfTeX warning: pdflatex.exe (file ../figuras/figura5b.pdf): PDF inclusion: fou
nd PDF version <1.6>, but at most version <1.5> allowed
<../figuras/figura5b.pdf, id=356, 397.485pt x 289.08pt>
File: ../figuras/figura5b.pdf Graphic file (type pdf)
<use ../figuras/figura5b.pdf>
Package pdftex.def Info: ../figuras/figura5b.pdf  used on input line 302.
(pdftex.def)             Requested size: 316.24951pt x 230.00717pt.

LaTeX Warning: `h' float specifier changed to `ht'.

[16 <../figuras/figura4.pdf>] [17 <../figuras/figura5.pdf> <../figuras/figura5b
.pdf>]

pdfTeX warning: pdflatex.exe (file ../figuras/figura6.pdf): PDF inclusion: foun
d PDF version <1.6>, but at most version <1.5> allowed
<../figuras/figura6.pdf, id=396, 397.485pt x 289.08pt>
File: ../figuras/figura6.pdf Graphic file (type pdf)
<use ../figuras/figura6.pdf>
Package pdftex.def Info: ../figuras/figura6.pdf  used on input line 317.
(pdftex.def)             Requested size: 316.24951pt x 230.00717pt.

Underfull \vbox (badness 10000) has occurred while \output is active []

 [18

 <../figuras/figura6.pdf>]

pdfTeX warning: pdflatex.exe (file ../figuras/figura7.pdf): PDF inclusion: foun
d PDF version <1.6>, but at most version <1.5> allowed
<../figuras/figura7.pdf, id=413, 397.485pt x 289.08pt>
File: ../figuras/figura7.pdf Graphic file (type pdf)
<use ../figuras/figura7.pdf>
Package pdftex.def Info: ../figuras/figura7.pdf  used on input line 328.
(pdftex.def)             Requested size: 316.24951pt x 230.00717pt.


pdfTeX warning: pdflatex.exe (file ../figuras/figura8.pdf): PDF inclusion: foun
d PDF version <1.6>, but at most version <1.5> allowed
<../figuras/figura8.pdf, id=415, 397.485pt x 289.08pt>
File: ../figuras/figura8.pdf Graphic file (type pdf)
<use ../figuras/figura8.pdf>
Package pdftex.def Info: ../figuras/figura8.pdf  used on input line 338.
(pdftex.def)             Requested size: 316.24951pt x 230.00717pt.

LaTeX Warning: `h' float specifier changed to `ht'.



pdfTeX warning: pdflatex.exe (file ../figuras/figura9.pdf): PDF inclusion: foun
d PDF version <1.6>, but at most version <1.5> allowed
<../figuras/figura9.pdf, id=417, 397.485pt x 289.08pt>
File: ../figuras/figura9.pdf Graphic file (type pdf)
<use ../figuras/figura9.pdf>
Package pdftex.def Info: ../figuras/figura9.pdf  used on input line 348.
(pdftex.def)             Requested size: 316.24951pt x 230.00717pt.

LaTeX Warning: `h' float specifier changed to `ht'.

[19 <../figuras/figura7.pdf>] [20 <../figuras/figura8.pdf> <../figuras/figura9.
pdf>]

pdfTeX warning: pdflatex.exe (file ../figuras/figura11a.pdf): PDF inclusion: fo
und PDF version <1.6>, but at most version <1.5> allowed
<../figuras/figura11a.pdf, id=458, 397.485pt x 289.08pt>
File: ../figuras/figura11a.pdf Graphic file (type pdf)
<use ../figuras/figura11a.pdf>
Package pdftex.def Info: ../figuras/figura11a.pdf  used on input line 361.
(pdftex.def)             Requested size: 316.24951pt x 230.00717pt.


pdfTeX warning: pdflatex.exe (file ../figuras/figura11b.pdf): PDF inclusion: fo
und PDF version <1.6>, but at most version <1.5> allowed
<../figuras/figura11b.pdf, id=460, 397.485pt x 289.08pt>
File: ../figuras/figura11b.pdf Graphic file (type pdf)
<use ../figuras/figura11b.pdf>
Package pdftex.def Info: ../figuras/figura11b.pdf  used on input line 371.
(pdftex.def)             Requested size: 316.24951pt x 230.00717pt.

LaTeX Warning: `h' float specifier changed to `ht'.



pdfTeX warning: pdflatex.exe (file ../figuras/figura11c.pdf): PDF inclusion: fo
und PDF version <1.6>, but at most version <1.5> allowed
<../figuras/figura11c.pdf, id=462, 397.485pt x 289.08pt>
File: ../figuras/figura11c.pdf Graphic file (type pdf)
<use ../figuras/figura11c.pdf>
Package pdftex.def Info: ../figuras/figura11c.pdf  used on input line 381.
(pdftex.def)             Requested size: 316.24951pt x 230.00717pt.

LaTeX Warning: `h' float specifier changed to `ht'.

[21

 <../figuras/figura11a.pdf>]

pdfTeX warning: pdflatex.exe (file ../figuras/figura11d.pdf): PDF inclusion: fo
und PDF version <1.6>, but at most version <1.5> allowed
<../figuras/figura11d.pdf, id=479, 397.485pt x 289.08pt>
File: ../figuras/figura11d.pdf Graphic file (type pdf)
<use ../figuras/figura11d.pdf>
Package pdftex.def Info: ../figuras/figura11d.pdf  used on input line 391.
(pdftex.def)             Requested size: 316.24951pt x 230.00717pt.

LaTeX Warning: `h' float specifier changed to `ht'.

File: ../figuras/figura11d.pdf Graphic file (type pdf)
<use ../figuras/figura11d.pdf>
Package pdftex.def Info: ../figuras/figura11d.pdf  used on input line 400.
(pdftex.def)             Requested size: 316.24951pt x 230.00717pt.

LaTeX Warning: `h' float specifier changed to `ht'.

[22 <../figuras/figura11b.pdf>] [23 <../figuras/figura11c.pdf> <../figuras/figu
ra11d.pdf>] [24]

pdfTeX warning: pdflatex.exe (file ../figuras/figura12.pdf): PDF inclusion: fou
nd PDF version <1.6>, but at most version <1.5> allowed
<../figuras/figura12.pdf, id=525, 397.485pt x 289.08pt>
File: ../figuras/figura12.pdf Graphic file (type pdf)
<use ../figuras/figura12.pdf>
Package pdftex.def Info: ../figuras/figura12.pdf  used on input line 410.
(pdftex.def)             Requested size: 316.24951pt x 230.00717pt.


pdfTeX warning: pdflatex.exe (file ../figuras/mortalidad_edad.pdf): PDF inclusi
on: found PDF version <1.6>, but at most version <1.5> allowed
<../figuras/mortalidad_edad.pdf, id=527, 397.485pt x 289.08pt>
File: ../figuras/mortalidad_edad.pdf Graphic file (type pdf)
<use ../figuras/mortalidad_edad.pdf>
Package pdftex.def Info: ../figuras/mortalidad_edad.pdf  used on input line 419
.
(pdftex.def)             Requested size: 316.24951pt x 230.00717pt.

LaTeX Warning: `h' float specifier changed to `ht'.

[25

 <../figuras/figura12.pdf>]

pdfTeX warning: pdflatex.exe (file ../figuras/mortalidad_edad_80.pdf): PDF incl
usion: found PDF version <1.6>, but at most version <1.5> allowed
<../figuras/mortalidad_edad_80.pdf, id=543, 397.485pt x 289.08pt>
File: ../figuras/mortalidad_edad_80.pdf Graphic file (type pdf)
<use ../figuras/mortalidad_edad_80.pdf>
Package pdftex.def Info: ../figuras/mortalidad_edad_80.pdf  used on input line 
433.
(pdftex.def)             Requested size: 218.94254pt x 159.23268pt.


pdfTeX warning: pdflatex.exe (file ../figuras/mortalidad_edad_70.pdf): PDF incl
usion: found PDF version <1.6>, but at most version <1.5> allowed
<../figuras/mortalidad_edad_70.pdf, id=544, 397.485pt x 289.08pt>
File: ../figuras/mortalidad_edad_70.pdf Graphic file (type pdf)
<use ../figuras/mortalidad_edad_70.pdf>
Package pdftex.def Info: ../figuras/mortalidad_edad_70.pdf  used on input line 
440.
(pdftex.def)             Requested size: 218.94254pt x 159.23268pt.


pdfTeX warning: pdflatex.exe (file ../figuras/mortalidad_edad_60.pdf): PDF incl
usion: found PDF version <1.6>, but at most version <1.5> allowed
<../figuras/mortalidad_edad_60.pdf, id=545, 397.485pt x 289.08pt>
File: ../figuras/mortalidad_edad_60.pdf Graphic file (type pdf)
<use ../figuras/mortalidad_edad_60.pdf>
Package pdftex.def Info: ../figuras/mortalidad_edad_60.pdf  used on input line 
448.
(pdftex.def)             Requested size: 218.94254pt x 159.23268pt.


pdfTeX warning: pdflatex.exe (file ../figuras/mortalidad_edad_50.pdf): PDF incl
usion: found PDF version <1.6>, but at most version <1.5> allowed
<../figuras/mortalidad_edad_50.pdf, id=546, 397.485pt x 289.08pt>
File: ../figuras/mortalidad_edad_50.pdf Graphic file (type pdf)
<use ../figuras/mortalidad_edad_50.pdf>
Package pdftex.def Info: ../figuras/mortalidad_edad_50.pdf  used on input line 
455.
(pdftex.def)             Requested size: 218.94254pt x 159.23268pt.


pdfTeX warning: pdflatex.exe (file ../figuras/mortalidad_edad_40.pdf): PDF incl
usion: found PDF version <1.6>, but at most version <1.5> allowed
<../figuras/mortalidad_edad_40.pdf, id=547, 397.485pt x 289.08pt>
File: ../figuras/mortalidad_edad_40.pdf Graphic file (type pdf)
<use ../figuras/mortalidad_edad_40.pdf>
Package pdftex.def Info: ../figuras/mortalidad_edad_40.pdf  used on input line 
463.
(pdftex.def)             Requested size: 218.94254pt x 159.23268pt.


pdfTeX warning: pdflatex.exe (file ../figuras/mortalidad_edad_30.pdf): PDF incl
usion: found PDF version <1.6>, but at most version <1.5> allowed
<../figuras/mortalidad_edad_30.pdf, id=548, 397.485pt x 289.08pt>
File: ../figuras/mortalidad_edad_30.pdf Graphic file (type pdf)
<use ../figuras/mortalidad_edad_30.pdf>
Package pdftex.def Info: ../figuras/mortalidad_edad_30.pdf  used on input line 
470.
(pdftex.def)             Requested size: 218.94254pt x 159.23268pt.

LaTeX Warning: `h' float specifier changed to `ht'.

[26 <../figuras/mortalidad_edad.pdf>] [27 <../figuras/mortalidad_edad_80.pdf> <
../figuras/mortalidad_edad_70.pdf> <../figuras/mortalidad_edad_60.pdf> <../figu
ras/mortalidad_edad_50.pdf> <../figuras/mortalidad_edad_40.pdf> <../figuras/mor
talidad_edad_30.pdf>]

pdfTeX warning: pdflatex.exe (file ../figuras/exceso_region.pdf): PDF inclusion
: found PDF version <1.6>, but at most version <1.5> allowed
<../figuras/exceso_region.pdf, id=628, 397.485pt x 289.08pt>
File: ../figuras/exceso_region.pdf Graphic file (type pdf)
<use ../figuras/exceso_region.pdf>
Package pdftex.def Info: ../figuras/exceso_region.pdf  used on input line 484.
(pdftex.def)             Requested size: 316.24951pt x 230.00717pt.
[28

 <../figuras/exceso_region.pdf>] [29

]
(../tablas/tabla_letalidad_mortalidad_provincia.tex) [30

]

pdfTeX warning: pdflatex.exe (file ../figuras/figura16.pdf): PDF inclusion: fou
nd PDF version <1.6>, but at most version <1.5> allowed
<../figuras/figura16.pdf, id=666, 397.485pt x 289.08pt>
File: ../figuras/figura16.pdf Graphic file (type pdf)
<use ../figuras/figura16.pdf>
Package pdftex.def Info: ../figuras/figura16.pdf  used on input line 513.
(pdftex.def)             Requested size: 316.24951pt x 230.00717pt.
[31

 <../figuras/figura16.pdf>]

pdfTeX warning: pdflatex.exe (file ../figuras/figura17.pdf): PDF inclusion: fou
nd PDF version <1.6>, but at most version <1.5> allowed
<../figuras/figura17.pdf, id=682, 397.485pt x 289.08pt>
File: ../figuras/figura17.pdf Graphic file (type pdf)
<use ../figuras/figura17.pdf>
Package pdftex.def Info: ../figuras/figura17.pdf  used on input line 525.
(pdftex.def)             Requested size: 316.24951pt x 230.00717pt.
[32 <../figuras/figura17.pdf>]

pdfTeX warning: pdflatex.exe (file ../figuras/provincia_m1.pdf): PDF inclusion:
 found PDF version <1.6>, but at most version <1.5> allowed
<../figuras/provincia_m1.pdf, id=700, 397.485pt x 289.08pt>
File: ../figuras/provincia_m1.pdf Graphic file (type pdf)
<use ../figuras/provincia_m1.pdf>
Package pdftex.def Info: ../figuras/provincia_m1.pdf  used on input line 541.
(pdftex.def)             Requested size: 340.57811pt x 247.69969pt.


pdfTeX warning: pdflatex.exe (file ../figuras/provincia_p1.pdf): PDF inclusion:
 found PDF version <1.6>, but at most version <1.5> allowed
<../figuras/provincia_p1.pdf, id=701, 397.485pt x 289.08pt>
File: ../figuras/provincia_p1.pdf Graphic file (type pdf)
<use ../figuras/provincia_p1.pdf>
Package pdftex.def Info: ../figuras/provincia_p1.pdf  used on input line 549.
(pdftex.def)             Requested size: 340.57811pt x 247.69969pt.

LaTeX Warning: `h' float specifier changed to `ht'.



pdfTeX warning: pdflatex.exe (file ../figuras/exceso_1.pdf): PDF inclusion: fou
nd PDF version <1.6>, but at most version <1.5> allowed
<../figuras/exceso_1.pdf, id=702, 397.485pt x 289.08pt>
File: ../figuras/exceso_1.pdf Graphic file (type pdf)
<use ../figuras/exceso_1.pdf>
Package pdftex.def Info: ../figuras/exceso_1.pdf  used on input line 557.
(pdftex.def)             Requested size: 340.57811pt x 247.69969pt.

LaTeX Warning: `h' float specifier changed to `ht'.

[33 <../figuras/provincia_m1.pdf>] [34 <../figuras/provincia_p1.pdf> <../figura
s/exceso_1.pdf>]

pdfTeX warning: pdflatex.exe (file ../figuras/provincia_m2.pdf): PDF inclusion:
 found PDF version <1.6>, but at most version <1.5> allowed
<../figuras/provincia_m2.pdf, id=755, 397.485pt x 289.08pt>
File: ../figuras/provincia_m2.pdf Graphic file (type pdf)
<use ../figuras/provincia_m2.pdf>
Package pdftex.def Info: ../figuras/provincia_m2.pdf  used on input line 571.
(pdftex.def)             Requested size: 340.57811pt x 247.69969pt.


pdfTeX warning: pdflatex.exe (file ../figuras/provincia_p2.pdf): PDF inclusion:
 found PDF version <1.6>, but at most version <1.5> allowed
<../figuras/provincia_p2.pdf, id=756, 397.485pt x 289.08pt>
File: ../figuras/provincia_p2.pdf Graphic file (type pdf)
<use ../figuras/provincia_p2.pdf>
Package pdftex.def Info: ../figuras/provincia_p2.pdf  used on input line 579.
(pdftex.def)             Requested size: 340.57811pt x 247.69969pt.

LaTeX Warning: `h' float specifier changed to `ht'.



pdfTeX warning: pdflatex.exe (file ../figuras/exceso_2.pdf): PDF inclusion: fou
nd PDF version <1.6>, but at most version <1.5> allowed
<../figuras/exceso_2.pdf, id=757, 397.485pt x 289.08pt>
File: ../figuras/exceso_2.pdf Graphic file (type pdf)
<use ../figuras/exceso_2.pdf>
Package pdftex.def Info: ../figuras/exceso_2.pdf  used on input line 587.
(pdftex.def)             Requested size: 340.57811pt x 247.69969pt.

LaTeX Warning: `h' float specifier changed to `ht'.

[35

 <../figuras/provincia_m2.pdf>] [36 <../figuras/provincia_p2.pdf> <../figuras/e
xceso_2.pdf>]

pdfTeX warning: pdflatex.exe (file ../figuras/provincia_m3.pdf): PDF inclusion:
 found PDF version <1.6>, but at most version <1.5> allowed
<../figuras/provincia_m3.pdf, id=810, 397.485pt x 289.08pt>
File: ../figuras/provincia_m3.pdf Graphic file (type pdf)
<use ../figuras/provincia_m3.pdf>
Package pdftex.def Info: ../figuras/provincia_m3.pdf  used on input line 601.
(pdftex.def)             Requested size: 340.57811pt x 247.69969pt.


pdfTeX warning: pdflatex.exe (file ../figuras/provincia_p3.pdf): PDF inclusion:
 found PDF version <1.6>, but at most version <1.5> allowed
<../figuras/provincia_p3.pdf, id=811, 397.485pt x 289.08pt>
File: ../figuras/provincia_p3.pdf Graphic file (type pdf)
<use ../figuras/provincia_p3.pdf>
Package pdftex.def Info: ../figuras/provincia_p3.pdf  used on input line 609.
(pdftex.def)             Requested size: 340.57811pt x 247.69969pt.

LaTeX Warning: `h' float specifier changed to `ht'.



pdfTeX warning: pdflatex.exe (file ../figuras/exceso_3.pdf): PDF inclusion: fou
nd PDF version <1.6>, but at most version <1.5> allowed
<../figuras/exceso_3.pdf, id=812, 397.485pt x 289.08pt>
File: ../figuras/exceso_3.pdf Graphic file (type pdf)
<use ../figuras/exceso_3.pdf>
Package pdftex.def Info: ../figuras/exceso_3.pdf  used on input line 617.
(pdftex.def)             Requested size: 340.57811pt x 247.69969pt.

LaTeX Warning: `h' float specifier changed to `ht'.

[37

 <../figuras/provincia_m3.pdf>] [38 <../figuras/provincia_p3.pdf> <../figuras/e
xceso_3.pdf>]

pdfTeX warning: pdflatex.exe (file ../figuras/provincia_m4.pdf): PDF inclusion:
 found PDF version <1.6>, but at most version <1.5> allowed
<../figuras/provincia_m4.pdf, id=864, 397.485pt x 289.08pt>
File: ../figuras/provincia_m4.pdf Graphic file (type pdf)
<use ../figuras/provincia_m4.pdf>
Package pdftex.def Info: ../figuras/provincia_m4.pdf  used on input line 631.
(pdftex.def)             Requested size: 340.57811pt x 247.69969pt.


pdfTeX warning: pdflatex.exe (file ../figuras/provincia_p4.pdf): PDF inclusion:
 found PDF version <1.6>, but at most version <1.5> allowed
<../figuras/provincia_p4.pdf, id=865, 397.485pt x 289.08pt>
File: ../figuras/provincia_p4.pdf Graphic file (type pdf)
<use ../figuras/provincia_p4.pdf>
Package pdftex.def Info: ../figuras/provincia_p4.pdf  used on input line 639.
(pdftex.def)             Requested size: 340.57811pt x 247.69969pt.

LaTeX Warning: `h' float specifier changed to `ht'.



pdfTeX warning: pdflatex.exe (file ../figuras/exceso_4.pdf): PDF inclusion: fou
nd PDF version <1.6>, but at most version <1.5> allowed
<../figuras/exceso_4.pdf, id=866, 397.485pt x 289.08pt>
File: ../figuras/exceso_4.pdf Graphic file (type pdf)
<use ../figuras/exceso_4.pdf>
Package pdftex.def Info: ../figuras/exceso_4.pdf  used on input line 647.
(pdftex.def)             Requested size: 340.57811pt x 247.69969pt.

LaTeX Warning: `h' float specifier changed to `ht'.

[39

 <../figuras/provincia_m4.pdf>] [40 <../figuras/provincia_p4.pdf> <../figuras/e
xceso_4.pdf>]

pdfTeX warning: pdflatex.exe (file ../figuras/provincia_m5.pdf): PDF inclusion:
 found PDF version <1.6>, but at most version <1.5> allowed
<../figuras/provincia_m5.pdf, id=918, 397.485pt x 289.08pt>
File: ../figuras/provincia_m5.pdf Graphic file (type pdf)
<use ../figuras/provincia_m5.pdf>
Package pdftex.def Info: ../figuras/provincia_m5.pdf  used on input line 661.
(pdftex.def)             Requested size: 340.57811pt x 247.69969pt.


pdfTeX warning: pdflatex.exe (file ../figuras/provincia_p5.pdf): PDF inclusion:
 found PDF version <1.6>, but at most version <1.5> allowed
<../figuras/provincia_p5.pdf, id=919, 397.485pt x 289.08pt>
File: ../figuras/provincia_p5.pdf Graphic file (type pdf)
<use ../figuras/provincia_p5.pdf>
Package pdftex.def Info: ../figuras/provincia_p5.pdf  used on input line 669.
(pdftex.def)             Requested size: 340.57811pt x 247.69969pt.

LaTeX Warning: `h' float specifier changed to `ht'.



pdfTeX warning: pdflatex.exe (file ../figuras/exceso_5.pdf): PDF inclusion: fou
nd PDF version <1.6>, but at most version <1.5> allowed
<../figuras/exceso_5.pdf, id=920, 397.485pt x 289.08pt>
File: ../figuras/exceso_5.pdf Graphic file (type pdf)
<use ../figuras/exceso_5.pdf>
Package pdftex.def Info: ../figuras/exceso_5.pdf  used on input line 677.
(pdftex.def)             Requested size: 340.57811pt x 247.69969pt.

LaTeX Warning: `h' float specifier changed to `ht'.

[41

 <../figuras/provincia_m5.pdf>] [42 <../figuras/provincia_p5.pdf> <../figuras/e
xceso_5.pdf>]

pdfTeX warning: pdflatex.exe (file ../figuras/provincia_m6.pdf): PDF inclusion:
 found PDF version <1.6>, but at most version <1.5> allowed
<../figuras/provincia_m6.pdf, id=973, 397.485pt x 289.08pt>
File: ../figuras/provincia_m6.pdf Graphic file (type pdf)
<use ../figuras/provincia_m6.pdf>
Package pdftex.def Info: ../figuras/provincia_m6.pdf  used on input line 691.
(pdftex.def)             Requested size: 340.57811pt x 247.69969pt.


pdfTeX warning: pdflatex.exe (file ../figuras/provincia_p6.pdf): PDF inclusion:
 found PDF version <1.6>, but at most version <1.5> allowed
<../figuras/provincia_p6.pdf, id=974, 397.485pt x 289.08pt>
File: ../figuras/provincia_p6.pdf Graphic file (type pdf)
<use ../figuras/provincia_p6.pdf>
Package pdftex.def Info: ../figuras/provincia_p6.pdf  used on input line 699.
(pdftex.def)             Requested size: 340.57811pt x 247.69969pt.

LaTeX Warning: `h' float specifier changed to `ht'.



pdfTeX warning: pdflatex.exe (file ../figuras/exceso_6.pdf): PDF inclusion: fou
nd PDF version <1.6>, but at most version <1.5> allowed
<../figuras/exceso_6.pdf, id=975, 397.485pt x 289.08pt>
File: ../figuras/exceso_6.pdf Graphic file (type pdf)
<use ../figuras/exceso_6.pdf>
Package pdftex.def Info: ../figuras/exceso_6.pdf  used on input line 707.
(pdftex.def)             Requested size: 340.57811pt x 247.69969pt.

LaTeX Warning: `h' float specifier changed to `ht'.

[43

 <../figuras/provincia_m6.pdf>] [44 <../figuras/provincia_p6.pdf> <../figuras/e
xceso_6.pdf>]

pdfTeX warning: pdflatex.exe (file ../figuras/provincia_m7.pdf): PDF inclusion:
 found PDF version <1.6>, but at most version <1.5> allowed
<../figuras/provincia_m7.pdf, id=1027, 397.485pt x 289.08pt>
File: ../figuras/provincia_m7.pdf Graphic file (type pdf)
<use ../figuras/provincia_m7.pdf>
Package pdftex.def Info: ../figuras/provincia_m7.pdf  used on input line 721.
(pdftex.def)             Requested size: 340.57811pt x 247.69969pt.


pdfTeX warning: pdflatex.exe (file ../figuras/provincia_p7.pdf): PDF inclusion:
 found PDF version <1.6>, but at most version <1.5> allowed
<../figuras/provincia_p7.pdf, id=1028, 397.485pt x 289.08pt>
File: ../figuras/provincia_p7.pdf Graphic file (type pdf)
<use ../figuras/provincia_p7.pdf>
Package pdftex.def Info: ../figuras/provincia_p7.pdf  used on input line 729.
(pdftex.def)             Requested size: 340.57811pt x 247.69969pt.

LaTeX Warning: `h' float specifier changed to `ht'.



pdfTeX warning: pdflatex.exe (file ../figuras/exceso_7.pdf): PDF inclusion: fou
nd PDF version <1.6>, but at most version <1.5> allowed
<../figuras/exceso_7.pdf, id=1029, 397.485pt x 289.08pt>
File: ../figuras/exceso_7.pdf Graphic file (type pdf)
<use ../figuras/exceso_7.pdf>
Package pdftex.def Info: ../figuras/exceso_7.pdf  used on input line 737.
(pdftex.def)             Requested size: 340.57811pt x 247.69969pt.

LaTeX Warning: `h' float specifier changed to `ht'.

[45

 <../figuras/provincia_m7.pdf>] [46 <../figuras/provincia_p7.pdf> <../figuras/e
xceso_7.pdf>]

pdfTeX warning: pdflatex.exe (file ../figuras/provincia_m8.pdf): PDF inclusion:
 found PDF version <1.6>, but at most version <1.5> allowed
<../figuras/provincia_m8.pdf, id=1081, 397.485pt x 289.08pt>
File: ../figuras/provincia_m8.pdf Graphic file (type pdf)
<use ../figuras/provincia_m8.pdf>
Package pdftex.def Info: ../figuras/provincia_m8.pdf  used on input line 751.
(pdftex.def)             Requested size: 340.57811pt x 247.69969pt.


pdfTeX warning: pdflatex.exe (file ../figuras/provincia_p8.pdf): PDF inclusion:
 found PDF version <1.6>, but at most version <1.5> allowed
<../figuras/provincia_p8.pdf, id=1082, 397.485pt x 289.08pt>
File: ../figuras/provincia_p8.pdf Graphic file (type pdf)
<use ../figuras/provincia_p8.pdf>
Package pdftex.def Info: ../figuras/provincia_p8.pdf  used on input line 759.
(pdftex.def)             Requested size: 340.57811pt x 247.69969pt.

LaTeX Warning: `h' float specifier changed to `ht'.



pdfTeX warning: pdflatex.exe (file ../figuras/exceso_8.pdf): PDF inclusion: fou
nd PDF version <1.6>, but at most version <1.5> allowed
<../figuras/exceso_8.pdf, id=1083, 397.485pt x 289.08pt>
File: ../figuras/exceso_8.pdf Graphic file (type pdf)
<use ../figuras/exceso_8.pdf>
Package pdftex.def Info: ../figuras/exceso_8.pdf  used on input line 767.
(pdftex.def)             Requested size: 340.57811pt x 247.69969pt.

LaTeX Warning: `h' float specifier changed to `ht'.

[47

 <../figuras/provincia_m8.pdf>] [48 <../figuras/provincia_p8.pdf> <../figuras/e
xceso_8.pdf>]

pdfTeX warning: pdflatex.exe (file ../figuras/provincia_m9.pdf): PDF inclusion:
 found PDF version <1.6>, but at most version <1.5> allowed
<../figuras/provincia_m9.pdf, id=1136, 397.485pt x 289.08pt>
File: ../figuras/provincia_m9.pdf Graphic file (type pdf)
<use ../figuras/provincia_m9.pdf>
Package pdftex.def Info: ../figuras/provincia_m9.pdf  used on input line 781.
(pdftex.def)             Requested size: 340.57811pt x 247.69969pt.


pdfTeX warning: pdflatex.exe (file ../figuras/provincia_p9.pdf): PDF inclusion:
 found PDF version <1.6>, but at most version <1.5> allowed
<../figuras/provincia_p9.pdf, id=1137, 397.485pt x 289.08pt>
File: ../figuras/provincia_p9.pdf Graphic file (type pdf)
<use ../figuras/provincia_p9.pdf>
Package pdftex.def Info: ../figuras/provincia_p9.pdf  used on input line 789.
(pdftex.def)             Requested size: 340.57811pt x 247.69969pt.

LaTeX Warning: `h' float specifier changed to `ht'.



pdfTeX warning: pdflatex.exe (file ../figuras/exceso_9.pdf): PDF inclusion: fou
nd PDF version <1.6>, but at most version <1.5> allowed
<../figuras/exceso_9.pdf, id=1138, 397.485pt x 289.08pt>
File: ../figuras/exceso_9.pdf Graphic file (type pdf)
<use ../figuras/exceso_9.pdf>
Package pdftex.def Info: ../figuras/exceso_9.pdf  used on input line 797.
(pdftex.def)             Requested size: 340.57811pt x 247.69969pt.

LaTeX Warning: `h' float specifier changed to `ht'.

[49

 <../figuras/provincia_m9.pdf>] [50 <../figuras/provincia_p9.pdf> <../figuras/e
xceso_9.pdf>]

pdfTeX warning: pdflatex.exe (file ../figuras/provincia_m10.pdf): PDF inclusion
: found PDF version <1.6>, but at most version <1.5> allowed
<../figuras/provincia_m10.pdf, id=1190, 397.485pt x 289.08pt>
File: ../figuras/provincia_m10.pdf Graphic file (type pdf)
<use ../figuras/provincia_m10.pdf>
Package pdftex.def Info: ../figuras/provincia_m10.pdf  used on input line 811.
(pdftex.def)             Requested size: 340.57811pt x 247.69969pt.


pdfTeX warning: pdflatex.exe (file ../figuras/provincia_p10.pdf): PDF inclusion
: found PDF version <1.6>, but at most version <1.5> allowed
<../figuras/provincia_p10.pdf, id=1191, 397.485pt x 289.08pt>
File: ../figuras/provincia_p10.pdf Graphic file (type pdf)
<use ../figuras/provincia_p10.pdf>
Package pdftex.def Info: ../figuras/provincia_p10.pdf  used on input line 819.
(pdftex.def)             Requested size: 340.57811pt x 247.69969pt.

LaTeX Warning: `h' float specifier changed to `ht'.



pdfTeX warning: pdflatex.exe (file ../figuras/exceso_10.pdf): PDF inclusion: fo
und PDF version <1.6>, but at most version <1.5> allowed
<../figuras/exceso_10.pdf, id=1192, 397.485pt x 289.08pt>
File: ../figuras/exceso_10.pdf Graphic file (type pdf)
<use ../figuras/exceso_10.pdf>
Package pdftex.def Info: ../figuras/exceso_10.pdf  used on input line 827.
(pdftex.def)             Requested size: 340.57811pt x 247.69969pt.

LaTeX Warning: `h' float specifier changed to `ht'.

[51

 <../figuras/provincia_m10.pdf>] [52 <../figuras/provincia_p10.pdf> <../figuras
/exceso_10.pdf>]

pdfTeX warning: pdflatex.exe (file ../figuras/provincia_m11.pdf): PDF inclusion
: found PDF version <1.6>, but at most version <1.5> allowed
<../figuras/provincia_m11.pdf, id=1244, 397.485pt x 289.08pt>
File: ../figuras/provincia_m11.pdf Graphic file (type pdf)
<use ../figuras/provincia_m11.pdf>
Package pdftex.def Info: ../figuras/provincia_m11.pdf  used on input line 842.
(pdftex.def)             Requested size: 340.57811pt x 247.69969pt.


pdfTeX warning: pdflatex.exe (file ../figuras/provincia_p11.pdf): PDF inclusion
: found PDF version <1.6>, but at most version <1.5> allowed
<../figuras/provincia_p11.pdf, id=1245, 397.485pt x 289.08pt>
File: ../figuras/provincia_p11.pdf Graphic file (type pdf)
<use ../figuras/provincia_p11.pdf>
Package pdftex.def Info: ../figuras/provincia_p11.pdf  used on input line 850.
(pdftex.def)             Requested size: 340.57811pt x 247.69969pt.

LaTeX Warning: `h' float specifier changed to `ht'.



pdfTeX warning: pdflatex.exe (file ../figuras/exceso_11.pdf): PDF inclusion: fo
und PDF version <1.6>, but at most version <1.5> allowed
<../figuras/exceso_11.pdf, id=1246, 397.485pt x 289.08pt>
File: ../figuras/exceso_11.pdf Graphic file (type pdf)
<use ../figuras/exceso_11.pdf>
Package pdftex.def Info: ../figuras/exceso_11.pdf  used on input line 858.
(pdftex.def)             Requested size: 340.57811pt x 247.69969pt.

LaTeX Warning: `h' float specifier changed to `ht'.

[53

 <../figuras/provincia_m11.pdf>] [54 <../figuras/provincia_p11.pdf> <../figuras
/exceso_11.pdf>]

pdfTeX warning: pdflatex.exe (file ../figuras/provincia_m12.pdf): PDF inclusion
: found PDF version <1.6>, but at most version <1.5> allowed
<../figuras/provincia_m12.pdf, id=1299, 397.485pt x 289.08pt>
File: ../figuras/provincia_m12.pdf Graphic file (type pdf)
<use ../figuras/provincia_m12.pdf>
Package pdftex.def Info: ../figuras/provincia_m12.pdf  used on input line 872.
(pdftex.def)             Requested size: 340.57811pt x 247.69969pt.


pdfTeX warning: pdflatex.exe (file ../figuras/provincia_p12.pdf): PDF inclusion
: found PDF version <1.6>, but at most version <1.5> allowed
<../figuras/provincia_p12.pdf, id=1300, 397.485pt x 289.08pt>
File: ../figuras/provincia_p12.pdf Graphic file (type pdf)
<use ../figuras/provincia_p12.pdf>
Package pdftex.def Info: ../figuras/provincia_p12.pdf  used on input line 880.
(pdftex.def)             Requested size: 340.57811pt x 247.69969pt.

LaTeX Warning: `h' float specifier changed to `ht'.



pdfTeX warning: pdflatex.exe (file ../figuras/exceso_12.pdf): PDF inclusion: fo
und PDF version <1.6>, but at most version <1.5> allowed
<../figuras/exceso_12.pdf, id=1301, 397.485pt x 289.08pt>
File: ../figuras/exceso_12.pdf Graphic file (type pdf)
<use ../figuras/exceso_12.pdf>
Package pdftex.def Info: ../figuras/exceso_12.pdf  used on input line 888.
(pdftex.def)             Requested size: 340.57811pt x 247.69969pt.

LaTeX Warning: `h' float specifier changed to `ht'.

[55

 <../figuras/provincia_m12.pdf>] [56 <../figuras/provincia_p12.pdf> <../figuras
/exceso_12.pdf>]

pdfTeX warning: pdflatex.exe (file ../figuras/provincia_m13.pdf): PDF inclusion
: found PDF version <1.6>, but at most version <1.5> allowed
<../figuras/provincia_m13.pdf, id=1353, 397.485pt x 289.08pt>
File: ../figuras/provincia_m13.pdf Graphic file (type pdf)
<use ../figuras/provincia_m13.pdf>
Package pdftex.def Info: ../figuras/provincia_m13.pdf  used on input line 902.
(pdftex.def)             Requested size: 340.57811pt x 247.69969pt.


pdfTeX warning: pdflatex.exe (file ../figuras/provincia_p13.pdf): PDF inclusion
: found PDF version <1.6>, but at most version <1.5> allowed
<../figuras/provincia_p13.pdf, id=1354, 397.485pt x 289.08pt>
File: ../figuras/provincia_p13.pdf Graphic file (type pdf)
<use ../figuras/provincia_p13.pdf>
Package pdftex.def Info: ../figuras/provincia_p13.pdf  used on input line 910.
(pdftex.def)             Requested size: 340.57811pt x 247.69969pt.

LaTeX Warning: `h' float specifier changed to `ht'.



pdfTeX warning: pdflatex.exe (file ../figuras/exceso_13.pdf): PDF inclusion: fo
und PDF version <1.6>, but at most version <1.5> allowed
<../figuras/exceso_13.pdf, id=1355, 397.485pt x 289.08pt>
File: ../figuras/exceso_13.pdf Graphic file (type pdf)
<use ../figuras/exceso_13.pdf>
Package pdftex.def Info: ../figuras/exceso_13.pdf  used on input line 918.
(pdftex.def)             Requested size: 340.57811pt x 247.69969pt.

LaTeX Warning: `h' float specifier changed to `ht'.

[57

 <../figuras/provincia_m13.pdf>] [58 <../figuras/provincia_p13.pdf> <../figuras
/exceso_13.pdf>] [59

] [60

] [61

]
<../editorial/pagina_final.pdf, id=1418, 305.86671pt x 398.3382pt>
File: ../editorial/pagina_final.pdf Graphic file (type pdf)
<use ../editorial/pagina_final.pdf>
Package pdftex.def Info: ../editorial/pagina_final.pdf  used on input line 998.

(pdftex.def)             Requested size: 305.86595pt x 398.33722pt.
File: ../editorial/pagina_final.pdf Graphic file (type pdf)
<use ../editorial/pagina_final.pdf>
Package pdftex.def Info: ../editorial/pagina_final.pdf  used on input line 998.

(pdftex.def)             Requested size: 305.86595pt x 398.33722pt.
<../editorial/pagina_final.pdf, id=1421, page=1, 305.86671pt x 398.3382pt>
File: ../editorial/pagina_final.pdf Graphic file (type pdf)
<use ../editorial/pagina_final.pdf, page 1>
Package pdftex.def Info: ../editorial/pagina_final.pdf , page1 used on input li
ne 998.
(pdftex.def)             Requested size: 305.86595pt x 398.33722pt.
File: ../editorial/pagina_final.pdf Graphic file (type pdf)
<use ../editorial/pagina_final.pdf, page 1>
Package pdftex.def Info: ../editorial/pagina_final.pdf , page1 used on input li
ne 998.
(pdftex.def)             Requested size: 599.2006pt x 780.35461pt.
 [62

]
File: ../editorial/pagina_final.pdf Graphic file (type pdf)
<use ../editorial/pagina_final.pdf, page 1>
Package pdftex.def Info: ../editorial/pagina_final.pdf , page1 used on input li
ne 998.
(pdftex.def)             Requested size: 599.2006pt x 780.35461pt.
File: ../editorial/pagina_final.pdf Graphic file (type pdf)
<use ../editorial/pagina_final.pdf, page 1>
Package pdftex.def Info: ../editorial/pagina_final.pdf , page1 used on input li
ne 998.
(pdftex.def)             Requested size: 599.2006pt x 780.35461pt.
File: ../editorial/pagina_final.pdf Graphic file (type pdf)
<use ../editorial/pagina_final.pdf, page 1>
Package pdftex.def Info: ../editorial/pagina_final.pdf , page1 used on input li
ne 998.
(pdftex.def)             Requested size: 599.2006pt x 780.35461pt.
 [63 <../editorial/pagina_final.pdf>]
(boletin_covid.aux
LaTeX Info: Redefining \. on input line 25.
LaTeX Info: Redefining \% on input line 25.
)
Package rerunfilecheck Info: File `boletin_covid.out' has not changed.
(rerunfilecheck)             Checksum: 5FEAEE7F864434D49AD7B86AA9BC731F;590.
 )
(\end occurred inside a group at level 1)

### simple group (level 1) entered at line 952 ({)
### bottom level 
Here is how much of TeX's memory you used:
 38838 strings out of 479618
 906943 string characters out of 2866452
 1378741 words of memory out of 3000000
 55011 multiletter control sequences out of 15000+200000
 450389 words of font info for 59 fonts, out of 3000000 for 9000
 1141 hyphenation exceptions out of 8191
 87i,17n,131p,1514b,689s stack positions out of 5000i,500n,10000p,200000b,50000s
{C:/Users/PC/AppData/Local/Programs/MiKTeX/fonts/enc/dvips/lm/l
m-ec.enc}{C:/Users/PC/AppData/Local/Programs/MiKTeX/fonts/enc/dvips/lm/lm-rm.en
c}{C:/Users/PC/AppData/Local/Programs/MiKTeX/fonts/enc/dvips/lm/lm-ts1.enc}<C:/
Users/PC/AppData/Local/Programs/MiKTeX/fonts/type1/public/lm/lmr12.pfb><C:/User
s/PC/AppData/Local/Programs/MiKTeX/fonts/type1/public/lm/lmss10.pfb><C:/Users/P
C/AppData/Local/Programs/MiKTeX/fonts/type1/public/lm/lmss12.pfb><C:/Users/PC/A
ppData/Local/Programs/MiKTeX/fonts/type1/public/lm/lmssbx10.pfb><C:/Users/PC/Ap
pData/Local/Programs/MiKTeX/fonts/type1/public/lm/lmsso12.pfb>
Output written on boletin_covid.pdf (64 pages, 6208061 bytes).
PDF statistics:
 1501 PDF objects out of 1728 (max. 8388607)
 158 named destinations out of 1000 (max. 500000)
 458 words of extra memory for PDF output out of 10000 (max. 10000000)

